<?xml version="1.0" encoding="UTF-8"?>
<coverage generated="1660619910517" clover="3.2.0">
  <project timestamp="1660619910517" name="All files">
    <metrics statements="357" coveredstatements="353" conditionals="96" coveredconditionals="83" methods="177" coveredmethods="171" elements="630" coveredelements="607" complexity="0" loc="357" ncloc="357" packages="1" files="6" classes="6"/>
    <file name="card.ts" path="/Users/murali/proj/js/rummy-core/src/card.ts">
      <metrics statements="55" coveredstatements="55" conditionals="14" coveredconditionals="14" methods="32" coveredmethods="31"/>
      <line num="2" count="3" type="stmt"/>
      <line num="3" count="3" type="stmt"/>
      <line num="4" count="3" type="stmt"/>
      <line num="5" count="3" type="stmt"/>
      <line num="6" count="3" type="stmt"/>
      <line num="9" count="3" type="stmt"/>
      <line num="10" count="3" type="stmt"/>
      <line num="19" count="3" type="cond" truecount="2" falsecount="0"/>
      <line num="25" count="3" type="stmt"/>
      <line num="26" count="1481" type="cond" truecount="2" falsecount="0"/>
      <line num="31" count="167" type="stmt"/>
      <line num="37" count="835" type="stmt"/>
      <line num="42" count="11" type="stmt"/>
      <line num="47" count="154" type="stmt"/>
      <line num="52" count="3" type="stmt"/>
      <line num="53" count="5" type="stmt"/>
      <line num="54" count="5" type="stmt"/>
      <line num="55" count="260" type="stmt"/>
      <line num="56" count="5" type="cond" truecount="2" falsecount="0"/>
      <line num="63" count="3" type="stmt"/>
      <line num="64" count="3" type="stmt"/>
      <line num="65" count="3" type="stmt"/>
      <line num="73" count="3" type="stmt"/>
      <line num="74" count="1" type="stmt"/>
      <line num="75" count="1" type="stmt"/>
      <line num="76" count="1" type="stmt"/>
      <line num="78" count="1" type="stmt"/>
      <line num="90" count="3" type="stmt"/>
      <line num="92" count="2644267" type="stmt"/>
      <line num="94" count="3" type="stmt"/>
      <line num="96" count="6696" type="stmt"/>
      <line num="98" count="3" type="stmt"/>
      <line num="99" count="67670" type="stmt"/>
      <line num="102" count="3" type="stmt"/>
      <line num="104" count="3" type="stmt"/>
      <line num="112" count="3" type="stmt"/>
      <line num="113" count="2095" type="cond" truecount="4" falsecount="0"/>
      <line num="117" count="3" type="stmt"/>
      <line num="118" count="2" type="cond" truecount="2" falsecount="0"/>
      <line num="125" count="14" type="stmt"/>
      <line num="134" count="3" type="stmt"/>
      <line num="135" count="1" type="stmt"/>
      <line num="136" count="52" type="stmt"/>
      <line num="138" count="52" type="stmt"/>
      <line num="141" count="1" type="stmt"/>
      <line num="142" count="1" type="stmt"/>
      <line num="144" count="1" type="stmt"/>
      <line num="145" count="52" type="stmt"/>
      <line num="147" count="230" type="stmt"/>
      <line num="161" count="3" type="stmt"/>
      <line num="162" count="1" type="stmt"/>
      <line num="163" count="1" type="stmt"/>
      <line num="168" count="3" type="stmt"/>
      <line num="169" count="2639604" type="cond" truecount="2" falsecount="0"/>
      <line num="173" count="3" type="stmt"/>
    </file>
    <file name="combinatorics.ts" path="/Users/murali/proj/js/rummy-core/src/combinatorics.ts">
      <metrics statements="30" coveredstatements="30" conditionals="9" coveredconditionals="9" methods="12" coveredmethods="12"/>
      <line num="13" count="8268" type="stmt"/>
      <line num="15" count="3072" type="stmt"/>
      <line num="16" count="3" type="cond" truecount="1" falsecount="0"/>
      <line num="17" count="9330" type="stmt"/>
      <line num="18" count="9330" type="cond" truecount="1" falsecount="0"/>
      <line num="19" count="5196" type="stmt"/>
      <line num="20" count="5196" type="stmt"/>
      <line num="22" count="8268" type="cond" truecount="2" falsecount="0"/>
      <line num="24" count="3" type="stmt"/>
      <line num="25" count="10992" type="stmt"/>
      <line num="28" count="3" type="stmt"/>
      <line num="29" count="4" type="stmt"/>
      <line num="30" count="2" type="stmt"/>
      <line num="31" count="2" type="stmt"/>
      <line num="32" count="10" type="stmt"/>
      <line num="33" count="10" type="stmt"/>
      <line num="34" count="10" type="stmt"/>
      <line num="35" count="15" type="stmt"/>
      <line num="36" count="15" type="cond" truecount="2" falsecount="0"/>
      <line num="37" count="7" type="stmt"/>
      <line num="38" count="7" type="stmt"/>
      <line num="40" count="8" type="stmt"/>
      <line num="41" count="8" type="stmt"/>
      <line num="47" count="3" type="stmt"/>
      <line num="48" count="2" type="stmt"/>
      <line num="49" count="8" type="stmt"/>
      <line num="53" count="3" type="cond" truecount="2" falsecount="0"/>
      <line num="54" count="65" type="cond" truecount="1" falsecount="0"/>
      <line num="55" count="65" type="stmt"/>
      <line num="56" count="124" type="stmt"/>
    </file>
    <file name="meld.ts" path="/Users/murali/proj/js/rummy-core/src/meld.ts">
      <metrics statements="107" coveredstatements="103" conditionals="33" coveredconditionals="23" methods="54" coveredmethods="49"/>
      <line num="1" count="2" type="stmt"/>
      <line num="2" count="2" type="stmt"/>
      <line num="17" count="2" type="stmt"/>
      <line num="18" count="2" type="stmt"/>
      <line num="24" count="2" type="stmt"/>
      <line num="25" count="2" type="stmt"/>
      <line num="26" count="2" type="stmt"/>
      <line num="27" count="2" type="stmt"/>
      <line num="28" count="2" type="stmt"/>
      <line num="29" count="2" type="stmt"/>
      <line num="31" count="2" type="stmt"/>
      <line num="34" count="2" type="stmt"/>
      <line num="35" count="2" type="stmt"/>
      <line num="42" count="2" type="stmt"/>
      <line num="43" count="8" type="stmt"/>
      <line num="53" count="2" type="stmt"/>
      <line num="54" count="7" type="stmt"/>
      <line num="56" count="2899" type="stmt"/>
      <line num="57" count="9261" type="cond" truecount="3" falsecount="0"/>
      <line num="63" count="2" type="stmt"/>
      <line num="64" count="3768" type="stmt"/>
      <line num="70" count="2" type="stmt"/>
      <line num="71" count="1354" type="stmt"/>
      <line num="72" count="1354" type="stmt"/>
      <line num="73" count="1354" type="stmt"/>
      <line num="74" count="3054" type="stmt"/>
      <line num="81" count="2" type="stmt"/>
      <line num="82" count="1545" type="stmt"/>
      <line num="83" count="1545" type="stmt"/>
      <line num="84" count="1545" type="stmt"/>
      <line num="85" count="3839" type="stmt"/>
      <line num="88" count="5032" type="stmt"/>
      <line num="90" count="10296" type="stmt"/>
      <line num="91" count="10296" type="stmt"/>
      <line num="92" count="5032" type="stmt"/>
      <line num="95" count="2" type="stmt"/>
      <line num="103" count="1258" type="stmt"/>
      <line num="104" count="1258" type="stmt"/>
      <line num="105" count="1258" type="stmt"/>
      <line num="106" count="1258" type="stmt"/>
      <line num="109" count="2516" type="stmt"/>
      <line num="111" count="1258" type="stmt"/>
      <line num="112" count="1258" type="cond" truecount="2" falsecount="0"/>
      <line num="113" count="1258" type="stmt"/>
      <line num="115" count="2230" type="stmt"/>
      <line num="117" count="1352" type="stmt"/>
      <line num="120" count="1258" type="stmt"/>
      <line num="122" count="1544" type="stmt"/>
      <line num="124" count="1544" type="stmt"/>
      <line num="127" count="1258" type="stmt"/>
      <line num="128" count="1258" type="stmt"/>
      <line num="129" count="1258" type="stmt"/>
      <line num="130" count="1258" type="stmt"/>
      <line num="132" count="2" type="stmt"/>
      <line num="133" count="1" type="stmt"/>
      <line num="134" count="1" type="stmt"/>
      <line num="135" count="1" type="stmt"/>
      <line num="142" count="2" type="stmt"/>
      <line num="143" count="8" type="stmt"/>
      <line num="144" count="2" type="stmt"/>
      <line num="152" count="2" type="stmt"/>
      <line num="153" count="3" type="stmt"/>
      <line num="154" count="1" type="stmt"/>
      <line num="155" count="1" type="stmt"/>
      <line num="163" count="2" type="stmt"/>
      <line num="164" count="7" type="stmt"/>
      <line num="165" count="2" type="stmt"/>
      <line num="166" count="2" type="stmt"/>
      <line num="169" count="2" type="stmt"/>
      <line num="170" count="2" type="cond" truecount="1" falsecount="1"/>
      <line num="171" count="2" type="stmt"/>
      <line num="172" count="2" type="stmt"/>
      <line num="173" count="2" type="stmt"/>
      <line num="178" count="2" type="stmt"/>
      <line num="186" count="2" type="stmt"/>
      <line num="191" count="2" type="stmt"/>
      <line num="192" count="1" type="stmt"/>
      <line num="194" count="1" type="stmt"/>
      <line num="195" count="3" type="cond" truecount="2" falsecount="0"/>
      <line num="197" count="1" type="stmt"/>
      <line num="200" count="2" type="stmt"/>
      <line num="204" count="1" type="stmt"/>
      <line num="207" count="1" type="stmt"/>
      <line num="209" count="1" type="stmt"/>
      <line num="210" count="1" type="stmt"/>
      <line num="211" count="1" type="stmt"/>
      <line num="212" count="0" type="stmt"/>
      <line num="213" count="1" type="stmt"/>
      <line num="214" count="1" type="stmt"/>
      <line num="215" count="1" type="stmt"/>
      <line num="217" count="2" type="stmt"/>
      <line num="230" count="2" type="stmt"/>
      <line num="231" count="1" type="stmt"/>
      <line num="238" count="1" type="cond" truecount="1" falsecount="1"/>
      <line num="239" count="1" type="stmt"/>
      <line num="242" count="1" type="stmt"/>
      <line num="245" count="1" type="stmt"/>
      <line num="257" count="2" type="stmt"/>
      <line num="258" count="1259" type="stmt"/>
      <line num="262" count="2095" type="stmt"/>
      <line num="267" count="1259" type="stmt"/>
      <line num="268" count="1259" type="stmt"/>
      <line num="277" count="2" type="stmt"/>
      <line num="279" count="0" type="stmt"/>
      <line num="283" count="0" type="cond" truecount="0" falsecount="2"/>
      <line num="296" count="2" type="stmt"/>
      <line num="300" count="0" type="stmt"/>
    </file>
    <file name="solving.ts" path="/Users/murali/proj/js/rummy-core/src/solving.ts">
      <metrics statements="117" coveredstatements="117" conditionals="28" coveredconditionals="25" methods="68" coveredmethods="68"/>
      <line num="9" count="2" type="stmt"/>
      <line num="10" count="2" type="stmt"/>
      <line num="11" count="2" type="stmt"/>
      <line num="12" count="2" type="stmt"/>
      <line num="13" count="2" type="stmt"/>
      <line num="14" count="2" type="stmt"/>
      <line num="15" count="2" type="stmt"/>
      <line num="16" count="2" type="stmt"/>
      <line num="17" count="2" type="stmt"/>
      <line num="18" count="2" type="stmt"/>
      <line num="20" count="2" type="stmt"/>
      <line num="25" count="2" type="stmt"/>
      <line num="26" count="2" type="stmt"/>
      <line num="28" count="2" type="stmt"/>
      <line num="29" count="2" type="stmt"/>
      <line num="33" count="2" type="stmt"/>
      <line num="35" count="24" type="cond" truecount="1" falsecount="1"/>
      <line num="36" count="24" type="stmt"/>
      <line num="39" count="264" type="stmt"/>
      <line num="41" count="1040" type="stmt"/>
      <line num="42" count="1040" type="stmt"/>
      <line num="53" count="2" type="stmt"/>
      <line num="54" count="104" type="stmt"/>
      <line num="55" count="416" type="cond" truecount="2" falsecount="0"/>
      <line num="63" count="2" type="stmt"/>
      <line num="64" count="26" type="stmt"/>
      <line num="69" count="312" type="stmt"/>
      <line num="78" count="2" type="stmt"/>
      <line num="79" count="26" type="stmt"/>
      <line num="83" count="104" type="stmt"/>
      <line num="92" count="8" type="stmt"/>
      <line num="93" count="8" type="stmt"/>
      <line num="94" count="8" type="stmt"/>
      <line num="95" count="2" type="stmt"/>
      <line num="99" count="2" type="stmt"/>
      <line num="100" count="59784" type="stmt"/>
      <line num="102" count="2" type="stmt"/>
      <line num="104" count="2" type="stmt"/>
      <line num="109" count="2" type="stmt"/>
      <line num="113" count="264" type="stmt"/>
      <line num="114" count="776" type="stmt"/>
      <line num="117" count="4208" type="stmt"/>
      <line num="119" count="4208" type="stmt"/>
      <line num="126" count="2" type="stmt"/>
      <line num="130" count="130" type="stmt"/>
      <line num="131" count="286" type="stmt"/>
      <line num="134" count="988" type="stmt"/>
      <line num="136" count="988" type="stmt"/>
      <line num="143" count="2" type="stmt"/>
      <line num="144" count="15920" type="stmt"/>
      <line num="147" count="2" type="stmt"/>
      <line num="154" count="2" type="stmt"/>
      <line num="155" count="15920" type="stmt"/>
      <line num="156" count="15920" type="stmt"/>
      <line num="157" count="15920" type="stmt"/>
      <line num="158" count="15920" type="stmt"/>
      <line num="159" count="2637506" type="stmt"/>
      <line num="160" count="843760" type="cond" truecount="2" falsecount="0"/>
      <line num="161" count="843760" type="stmt"/>
      <line num="165" count="2" type="stmt"/>
      <line num="166" count="2" type="stmt"/>
      <line num="167" count="2" type="stmt"/>
      <line num="171" count="2" type="stmt"/>
      <line num="175" count="2" type="stmt"/>
      <line num="194" count="2" type="stmt"/>
      <line num="195" count="6290" type="stmt"/>
      <line num="199" count="286730" type="cond" truecount="2" falsecount="0"/>
      <line num="200" count="286730" type="stmt"/>
      <line num="204" count="2" type="stmt"/>
      <line num="212" count="118024" type="stmt"/>
      <line num="213" count="6255272" type="stmt"/>
      <line num="220" count="2" type="stmt"/>
      <line num="221" count="832" type="stmt"/>
      <line num="222" count="116364" type="stmt"/>
      <line num="223" count="3434510" type="stmt"/>
      <line num="240" count="8" type="stmt"/>
      <line num="243" count="4" type="stmt"/>
      <line num="247" count="4" type="stmt"/>
      <line num="251" count="4" type="stmt"/>
      <line num="255" count="144" type="stmt"/>
      <line num="259" count="816" type="stmt"/>
      <line num="263" count="1512" type="stmt"/>
      <line num="269" count="4" type="stmt"/>
      <line num="270" count="4" type="stmt"/>
      <line num="271" count="4" type="stmt"/>
      <line num="272" count="4" type="cond" truecount="2" falsecount="0"/>
      <line num="276" count="6" type="stmt"/>
      <line num="279" count="6" type="cond" truecount="2" falsecount="0"/>
      <line num="281" count="4" type="stmt"/>
      <line num="282" count="4" type="stmt"/>
      <line num="283" count="144" type="cond" truecount="1" falsecount="1"/>
      <line num="287" count="146" type="stmt"/>
      <line num="290" count="146" type="cond" truecount="2" falsecount="0"/>
      <line num="292" count="144" type="stmt"/>
      <line num="293" count="144" type="stmt"/>
      <line num="295" count="1128" type="cond" truecount="1" falsecount="1"/>
      <line num="299" count="1130" type="stmt"/>
      <line num="302" count="1130" type="cond" truecount="4" falsecount="0"/>
      <line num="307" count="672" type="stmt"/>
      <line num="308" count="672" type="stmt"/>
      <line num="310" count="672" type="cond" truecount="2" falsecount="0"/>
      <line num="468" count="2" type="stmt"/>
      <line num="469" count="2" type="stmt"/>
      <line num="470" count="2" type="cond" truecount="4" falsecount="0"/>
      <line num="480" count="2" type="stmt"/>
      <line num="481" count="4" type="stmt"/>
      <line num="482" count="4" type="stmt"/>
      <line num="483" count="4" type="stmt"/>
      <line num="484" count="4" type="stmt"/>
      <line num="485" count="4" type="stmt"/>
      <line num="493" count="4" type="stmt"/>
      <line num="496" count="6" type="stmt"/>
      <line num="497" count="146" type="stmt"/>
      <line num="498" count="1130" type="stmt"/>
      <line num="499" count="1258" type="stmt"/>
      <line num="500" count="1254" type="stmt"/>
      <line num="502" count="4" type="stmt"/>
    </file>
    <file name="types.ts" path="/Users/murali/proj/js/rummy-core/src/types.ts">
      <metrics statements="38" coveredstatements="38" conditionals="10" coveredconditionals="10" methods="5" coveredmethods="5"/>
      <line num="4" count="3" type="cond" truecount="2" falsecount="0"/>
      <line num="5" count="3" type="stmt"/>
      <line num="6" count="3" type="stmt"/>
      <line num="7" count="3" type="stmt"/>
      <line num="8" count="3" type="stmt"/>
      <line num="9" count="3" type="stmt"/>
      <line num="12" count="3" type="cond" truecount="2" falsecount="0"/>
      <line num="13" count="3" type="stmt"/>
      <line num="14" count="3" type="stmt"/>
      <line num="15" count="3" type="stmt"/>
      <line num="16" count="3" type="stmt"/>
      <line num="17" count="3" type="stmt"/>
      <line num="18" count="3" type="stmt"/>
      <line num="19" count="3" type="stmt"/>
      <line num="20" count="3" type="stmt"/>
      <line num="21" count="3" type="stmt"/>
      <line num="22" count="3" type="stmt"/>
      <line num="23" count="3" type="stmt"/>
      <line num="24" count="3" type="stmt"/>
      <line num="25" count="3" type="stmt"/>
      <line num="26" count="3" type="stmt"/>
      <line num="29" count="3" type="cond" truecount="2" falsecount="0"/>
      <line num="30" count="3" type="stmt"/>
      <line num="31" count="3" type="stmt"/>
      <line num="32" count="3" type="stmt"/>
      <line num="33" count="3" type="stmt"/>
      <line num="34" count="3" type="stmt"/>
      <line num="37" count="3" type="cond" truecount="2" falsecount="0"/>
      <line num="38" count="3" type="stmt"/>
      <line num="39" count="3" type="stmt"/>
      <line num="40" count="3" type="stmt"/>
      <line num="41" count="3" type="stmt"/>
      <line num="42" count="3" type="stmt"/>
      <line num="43" count="3" type="stmt"/>
      <line num="44" count="3" type="stmt"/>
      <line num="128" count="3" type="cond" truecount="2" falsecount="0"/>
      <line num="129" count="3" type="stmt"/>
      <line num="130" count="3" type="stmt"/>
    </file>
    <file name="util.ts" path="/Users/murali/proj/js/rummy-core/src/util.ts">
      <metrics statements="10" coveredstatements="10" conditionals="2" coveredconditionals="2" methods="6" coveredmethods="6"/>
      <line num="1" count="3" type="stmt"/>
      <line num="6" count="2098" type="stmt"/>
      <line num="14" count="3" type="stmt"/>
      <line num="15" count="6" type="stmt"/>
      <line num="23" count="3" type="stmt"/>
      <line num="24" count="1" type="stmt"/>
      <line num="32" count="3" type="stmt"/>
      <line num="33" count="2" type="stmt"/>
      <line num="40" count="3" type="stmt"/>
      <line num="41" count="2" type="cond" truecount="2" falsecount="0"/>
    </file>
  </project>
</coverage>
