{"/Users/murali/proj/js/ts-indian-rummy/src/util.ts": {"path":"/Users/murali/proj/js/ts-indian-rummy/src/util.ts","statementMap":{"0":{"start":{"line":1,"column":0},"end":{"line":1,"column":27}},"1":{"start":{"line":7,"column":13},"end":{"line":7,"column":74}},"2":{"start":{"line":7,"column":59},"end":{"line":7,"column":69}},"3":{"start":{"line":16,"column":2},"end":{"line":16,"column":63}},"4":{"start":{"line":16,"column":48},"end":{"line":16,"column":60}},"5":{"start":{"line":15,"column":0},"end":{"line":15,"column":16}},"6":{"start":{"line":25,"column":2},"end":{"line":25,"column":42}},"7":{"start":{"line":24,"column":0},"end":{"line":24,"column":16}}},"fnMap":{"0":{"name":"(anonymous_6)","decl":{"start":{"line":7,"column":28},"end":{"line":7,"column":29}},"loc":{"start":{"line":7,"column":59},"end":{"line":7,"column":69}}},"1":{"name":"setDiff","decl":{"start":{"line":15,"column":16},"end":{"line":15,"column":23}},"loc":{"start":{"line":15,"column":47},"end":{"line":17,"column":1}}},"2":{"name":"(anonymous_8)","decl":{"start":{"line":16,"column":38},"end":{"line":16,"column":39}},"loc":{"start":{"line":16,"column":48},"end":{"line":16,"column":60}}},"3":{"name":"hasDuplicates","decl":{"start":{"line":24,"column":16},"end":{"line":24,"column":29}},"loc":{"start":{"line":24,"column":40},"end":{"line":26,"column":1}}}},"branchMap":{},"s":{"0":1,"1":1,"2":2,"3":2,"4":6,"5":1,"6":2,"7":1},"f":{"0":2,"1":2,"2":6,"3":2},"b":{}}
}
