{"/Users/murali/proj/js/rummy-core/src/card.ts": {"path":"/Users/murali/proj/js/rummy-core/src/card.ts","statementMap":{"0":{"start":{"line":2,"column":0},"end":{"line":2,"column":42}},"1":{"start":{"line":3,"column":0},"end":{"line":3,"column":44}},"2":{"start":{"line":4,"column":0},"end":{"line":4,"column":27}},"3":{"start":{"line":5,"column":0},"end":{"line":5,"column":33}},"4":{"start":{"line":6,"column":0},"end":{"line":6,"column":65}},"5":{"start":{"line":9,"column":0},"end":{"line":9,"column":40}},"6":{"start":{"line":10,"column":0},"end":{"line":10,"column":35}},"7":{"start":{"line":19,"column":23},"end":{"line":19,"column":120}},"8":{"start":{"line":19,"column":42},"end":{"line":19,"column":120}},"9":{"start":{"line":19,"column":67},"end":{"line":19,"column":120}},"10":{"start":{"line":19,"column":13},"end":{"line":19,"column":23}},"11":{"start":{"line":25,"column":30},"end":{"line":27,"column":1}},"12":{"start":{"line":26,"column":4},"end":{"line":26,"column":68}},"13":{"start":{"line":25,"column":13},"end":{"line":25,"column":30}},"14":{"start":{"line":31,"column":24},"end":{"line":31,"column":66}},"15":{"start":{"line":31,"column":47},"end":{"line":31,"column":66}},"16":{"start":{"line":31,"column":13},"end":{"line":31,"column":24}},"17":{"start":{"line":37,"column":32},"end":{"line":37,"column":95}},"18":{"start":{"line":37,"column":55},"end":{"line":37,"column":95}},"19":{"start":{"line":37,"column":78},"end":{"line":37,"column":94}},"20":{"start":{"line":37,"column":13},"end":{"line":37,"column":32}},"21":{"start":{"line":42,"column":24},"end":{"line":42,"column":66}},"22":{"start":{"line":42,"column":47},"end":{"line":42,"column":66}},"23":{"start":{"line":42,"column":13},"end":{"line":42,"column":24}},"24":{"start":{"line":47,"column":32},"end":{"line":47,"column":95}},"25":{"start":{"line":47,"column":55},"end":{"line":47,"column":95}},"26":{"start":{"line":47,"column":78},"end":{"line":47,"column":94}},"27":{"start":{"line":47,"column":13},"end":{"line":47,"column":32}},"28":{"start":{"line":52,"column":27},"end":{"line":57,"column":1}},"29":{"start":{"line":53,"column":18},"end":{"line":53,"column":36}},"30":{"start":{"line":54,"column":18},"end":{"line":54,"column":36}},"31":{"start":{"line":55,"column":18},"end":{"line":55,"column":83}},"32":{"start":{"line":55,"column":43},"end":{"line":55,"column":81}},"33":{"start":{"line":55,"column":59},"end":{"line":55,"column":79}},"34":{"start":{"line":56,"column":4},"end":{"line":56,"column":78}},"35":{"start":{"line":52,"column":13},"end":{"line":52,"column":27}},"36":{"start":{"line":63,"column":22},"end":{"line":66,"column":1}},"37":{"start":{"line":64,"column":14},"end":{"line":64,"column":31}},"38":{"start":{"line":65,"column":4},"end":{"line":65,"column":71}},"39":{"start":{"line":63,"column":13},"end":{"line":63,"column":22}},"40":{"start":{"line":74,"column":18},"end":{"line":74,"column":36}},"41":{"start":{"line":75,"column":18},"end":{"line":75,"column":45}},"42":{"start":{"line":76,"column":21},"end":{"line":76,"column":74}},"43":{"start":{"line":76,"column":37},"end":{"line":76,"column":74}},"44":{"start":{"line":76,"column":53},"end":{"line":76,"column":74}},"45":{"start":{"line":78,"column":4},"end":{"line":82,"column":null}},"46":{"start":{"line":73,"column":0},"end":{"line":73,"column":16}},"47":{"start":{"line":92,"column":4},"end":{"line":92,"column":66}},"48":{"start":{"line":90,"column":0},"end":{"line":90,"column":16}},"49":{"start":{"line":94,"column":13},"end":{"line":94,"column":null}},"50":{"start":{"line":96,"column":49},"end":{"line":96,"column":73}},"51":{"start":{"line":96,"column":0},"end":{"line":96,"column":16}},"52":{"start":{"line":99,"column":4},"end":{"line":99,"column":33}},"53":{"start":{"line":98,"column":0},"end":{"line":98,"column":16}},"54":{"start":{"line":102,"column":13},"end":{"line":102,"column":40}},"55":{"start":{"line":104,"column":13},"end":{"line":104,"column":38}},"56":{"start":{"line":113,"column":4},"end":{"line":113,"column":null}},"57":{"start":{"line":112,"column":0},"end":{"line":112,"column":16}},"58":{"start":{"line":118,"column":4},"end":{"line":125,"column":null}},"59":{"start":{"line":125,"column":19},"end":{"line":125,"column":31}},"60":{"start":{"line":125,"column":47},"end":{"line":125,"column":63}},"61":{"start":{"line":117,"column":0},"end":{"line":117,"column":16}},"62":{"start":{"line":134,"column":27},"end":{"line":154,"column":1}},"63":{"start":{"line":135,"column":29},"end":{"line":140,"column":5}},"64":{"start":{"line":136,"column":8},"end":{"line":139,"column":null}},"65":{"start":{"line":138,"column":34},"end":{"line":138,"column":40}},"66":{"start":{"line":141,"column":26},"end":{"line":141,"column":73}},"67":{"start":{"line":142,"column":4},"end":{"line":152,"column":21}},"68":{"start":{"line":144,"column":12},"end":{"line":150,"column":null}},"69":{"start":{"line":145,"column":59},"end":{"line":145,"column":60}},"70":{"start":{"line":147,"column":34},"end":{"line":147,"column":45}},"71":{"start":{"line":134,"column":13},"end":{"line":134,"column":27}},"72":{"start":{"line":161,"column":26},"end":{"line":164,"column":1}},"73":{"start":{"line":162,"column":20},"end":{"line":162,"column":22}},"74":{"start":{"line":163,"column":4},"end":{"line":163,"column":30}},"75":{"start":{"line":161,"column":13},"end":{"line":161,"column":26}},"76":{"start":{"line":168,"column":26},"end":{"line":169,"column":42}},"77":{"start":{"line":169,"column":4},"end":{"line":169,"column":42}},"78":{"start":{"line":168,"column":13},"end":{"line":168,"column":26}},"79":{"start":{"line":173,"column":13},"end":{"line":173,"column":null}},"80":{"start":{"line":173,"column":57},"end":{"line":173,"column":118}}},"fnMap":{"0":{"name":"(anonymous_6)","decl":{"start":{"line":19,"column":23},"end":{"line":19,"column":24}},"loc":{"start":{"line":19,"column":42},"end":{"line":19,"column":120}}},"1":{"name":"(anonymous_7)","decl":{"start":{"line":19,"column":42},"end":{"line":19,"column":43}},"loc":{"start":{"line":19,"column":67},"end":{"line":19,"column":120}}},"2":{"name":"(anonymous_8)","decl":{"start":{"line":25,"column":30},"end":{"line":25,"column":31}},"loc":{"start":{"line":25,"column":53},"end":{"line":27,"column":1}}},"3":{"name":"(anonymous_9)","decl":{"start":{"line":31,"column":24},"end":{"line":31,"column":44}},"loc":{"start":{"line":31,"column":47},"end":{"line":31,"column":66}}},"4":{"name":"(anonymous_10)","decl":{"start":{"line":37,"column":32},"end":{"line":37,"column":52}},"loc":{"start":{"line":37,"column":55},"end":{"line":37,"column":95}}},"5":{"name":"(anonymous_11)","decl":{"start":{"line":37,"column":73},"end":{"line":37,"column":74}},"loc":{"start":{"line":37,"column":78},"end":{"line":37,"column":94}}},"6":{"name":"(anonymous_12)","decl":{"start":{"line":42,"column":24},"end":{"line":42,"column":44}},"loc":{"start":{"line":42,"column":47},"end":{"line":42,"column":66}}},"7":{"name":"(anonymous_13)","decl":{"start":{"line":47,"column":32},"end":{"line":47,"column":52}},"loc":{"start":{"line":47,"column":55},"end":{"line":47,"column":95}}},"8":{"name":"(anonymous_14)","decl":{"start":{"line":47,"column":73},"end":{"line":47,"column":74}},"loc":{"start":{"line":47,"column":78},"end":{"line":47,"column":94}}},"9":{"name":"(anonymous_15)","decl":{"start":{"line":52,"column":27},"end":{"line":52,"column":28}},"loc":{"start":{"line":52,"column":67},"end":{"line":57,"column":1}}},"10":{"name":"(anonymous_16)","decl":{"start":{"line":55,"column":38},"end":{"line":55,"column":39}},"loc":{"start":{"line":55,"column":43},"end":{"line":55,"column":81}}},"11":{"name":"(anonymous_17)","decl":{"start":{"line":55,"column":53},"end":{"line":55,"column":54}},"loc":{"start":{"line":55,"column":59},"end":{"line":55,"column":79}}},"12":{"name":"(anonymous_18)","decl":{"start":{"line":63,"column":22},"end":{"line":63,"column":23}},"loc":{"start":{"line":63,"column":48},"end":{"line":66,"column":1}}},"13":{"name":"getRandomCard","decl":{"start":{"line":73,"column":16},"end":{"line":73,"column":29}},"loc":{"start":{"line":73,"column":29},"end":{"line":83,"column":1}}},"14":{"name":"(anonymous_20)","decl":{"start":{"line":76,"column":21},"end":{"line":76,"column":22}},"loc":{"start":{"line":76,"column":37},"end":{"line":76,"column":74}}},"15":{"name":"(anonymous_21)","decl":{"start":{"line":76,"column":37},"end":{"line":76,"column":38}},"loc":{"start":{"line":76,"column":53},"end":{"line":76,"column":74}}},"16":{"name":"strToCard","decl":{"start":{"line":90,"column":16},"end":{"line":90,"column":25}},"loc":{"start":{"line":90,"column":41},"end":{"line":93,"column":1}}},"17":{"name":"mkCard","decl":{"start":{"line":96,"column":16},"end":{"line":96,"column":22}},"loc":{"start":{"line":96,"column":39},"end":{"line":96,"column":74}}},"18":{"name":"cardToJSON","decl":{"start":{"line":98,"column":16},"end":{"line":98,"column":26}},"loc":{"start":{"line":98,"column":37},"end":{"line":100,"column":1}}},"19":{"name":"pointsOfCard","decl":{"start":{"line":112,"column":16},"end":{"line":112,"column":28}},"loc":{"start":{"line":112,"column":36},"end":{"line":114,"column":1}}},"20":{"name":"getSuitCards","decl":{"start":{"line":117,"column":16},"end":{"line":117,"column":28}},"loc":{"start":{"line":117,"column":36},"end":{"line":127,"column":1}}},"21":{"name":"(anonymous_27)","decl":{"start":{"line":125,"column":14},"end":{"line":125,"column":15}},"loc":{"start":{"line":125,"column":19},"end":{"line":125,"column":31}}},"22":{"name":"(anonymous_28)","decl":{"start":{"line":125,"column":42},"end":{"line":125,"column":43}},"loc":{"start":{"line":125,"column":47},"end":{"line":125,"column":63}}},"23":{"name":"(anonymous_29)","decl":{"start":{"line":134,"column":27},"end":{"line":134,"column":28}},"loc":{"start":{"line":134,"column":55},"end":{"line":154,"column":1}}},"24":{"name":"(anonymous_30)","decl":{"start":{"line":135,"column":29},"end":{"line":135,"column":30}},"loc":{"start":{"line":135,"column":73},"end":{"line":140,"column":5}}},"25":{"name":"(anonymous_31)","decl":{"start":{"line":138,"column":19},"end":{"line":138,"column":20}},"loc":{"start":{"line":138,"column":34},"end":{"line":138,"column":40}}},"26":{"name":"(anonymous_32)","decl":{"start":{"line":143,"column":8},"end":{"line":143,"column":9}},"loc":{"start":{"line":144,"column":12},"end":{"line":150,"column":null}}},"27":{"name":"(anonymous_33)","decl":{"start":{"line":145,"column":22},"end":{"line":145,"column":23}},"loc":{"start":{"line":145,"column":59},"end":{"line":145,"column":60}}},"28":{"name":"(anonymous_34)","decl":{"start":{"line":147,"column":24},"end":{"line":147,"column":25}},"loc":{"start":{"line":147,"column":34},"end":{"line":147,"column":45}}},"29":{"name":"(anonymous_35)","decl":{"start":{"line":161,"column":26},"end":{"line":161,"column":27}},"loc":{"start":{"line":161,"column":59},"end":{"line":164,"column":1}}},"30":{"name":"(anonymous_36)","decl":{"start":{"line":168,"column":26},"end":{"line":168,"column":27}},"loc":{"start":{"line":169,"column":4},"end":{"line":169,"column":42}}},"31":{"name":"(anonymous_37)","decl":{"start":{"line":173,"column":35},"end":{"line":173,"column":36}},"loc":{"start":{"line":173,"column":57},"end":{"line":173,"column":118}}}},"branchMap":{"0":{"loc":{"start":{"line":19,"column":67},"end":{"line":19,"column":120}},"type":"binary-expr","locations":[{"start":{"line":19,"column":67},"end":{"line":19,"column":92}},{"start":{"line":19,"column":96},"end":{"line":19,"column":120}}]},"1":{"loc":{"start":{"line":26,"column":11},"end":{"line":26,"column":67}},"type":"cond-expr","locations":[{"start":{"line":26,"column":30},"end":{"line":26,"column":31}},{"start":{"line":26,"column":34},"end":{"line":26,"column":67}}]},"2":{"loc":{"start":{"line":56,"column":11},"end":{"line":56,"column":77}},"type":"cond-expr","locations":[{"start":{"line":56,"column":22},"end":{"line":56,"column":27}},{"start":{"line":56,"column":30},"end":{"line":56,"column":77}}]},"3":{"loc":{"start":{"line":113,"column":11},"end":{"line":113,"column":132}},"type":"cond-expr","locations":[{"start":{"line":113,"column":37},"end":{"line":113,"column":38}},{"start":{"line":113,"column":41},"end":{"line":113,"column":132}}]},"4":{"loc":{"start":{"line":113,"column":41},"end":{"line":113,"column":132}},"type":"cond-expr","locations":[{"start":{"line":113,"column":105},"end":{"line":113,"column":107}},{"start":{"line":113,"column":110},"end":{"line":113,"column":132}}]},"5":{"loc":{"start":{"line":118,"column":11},"end":{"line":125,"column":86}},"type":"cond-expr","locations":[{"start":{"line":120,"column":8},"end":{"line":123,"column":null}},{"start":{"line":125,"column":8},"end":{"line":125,"column":86}}]},"6":{"loc":{"start":{"line":169,"column":4},"end":{"line":169,"column":42}},"type":"binary-expr","locations":[{"start":{"line":169,"column":4},"end":{"line":169,"column":21}},{"start":{"line":169,"column":25},"end":{"line":169,"column":42}}]}},"s":{"0":3,"1":3,"2":3,"3":3,"4":3,"5":3,"6":3,"7":3,"8":3,"9":3,"10":3,"11":3,"12":1481,"13":3,"14":3,"15":167,"16":3,"17":3,"18":167,"19":835,"20":3,"21":3,"22":11,"23":3,"24":3,"25":11,"26":154,"27":3,"28":3,"29":5,"30":5,"31":5,"32":20,"33":260,"34":5,"35":3,"36":3,"37":3,"38":3,"39":3,"40":1,"41":1,"42":1,"43":1,"44":1,"45":1,"46":3,"47":2644267,"48":3,"49":3,"50":6696,"51":3,"52":67670,"53":3,"54":3,"55":3,"56":2095,"57":3,"58":2,"59":13,"60":14,"61":3,"62":3,"63":1,"64":52,"65":52,"66":1,"67":1,"68":1,"69":52,"70":230,"71":3,"72":3,"73":1,"74":1,"75":3,"76":3,"77":2639604,"78":3,"79":3,"80":0},"f":{"0":3,"1":3,"2":1481,"3":167,"4":167,"5":835,"6":11,"7":11,"8":154,"9":5,"10":20,"11":260,"12":3,"13":1,"14":1,"15":1,"16":2644267,"17":6696,"18":67670,"19":2095,"20":2,"21":13,"22":14,"23":1,"24":52,"25":52,"26":1,"27":52,"28":230,"29":1,"30":2639604,"31":0},"b":{"0":[3,2],"1":[1,1480],"2":[3,2],"3":[147,1948],"4":[468,1480],"5":[1,1],"6":[2639604,458479]}}
,"/Users/murali/proj/js/rummy-core/src/combinatorics.ts": {"path":"/Users/murali/proj/js/rummy-core/src/combinatorics.ts","statementMap":{"0":{"start":{"line":13,"column":4},"end":{"line":13,"column":null}},"1":{"start":{"line":13,"column":36},"end":{"line":13,"column":48}},"2":{"start":{"line":15,"column":29},"end":{"line":15,"column":56}},"3":{"start":{"line":17,"column":16},"end":{"line":17,"column":26}},"4":{"start":{"line":18,"column":4},"end":{"line":21,"column":null}},"5":{"start":{"line":19,"column":8},"end":{"line":19,"column":18}},"6":{"start":{"line":20,"column":8},"end":{"line":20,"column":15}},"7":{"start":{"line":22,"column":4},"end":{"line":22,"column":null}},"8":{"start":{"line":22,"column":68},"end":{"line":22,"column":119}},"9":{"start":{"line":16,"column":0},"end":{"line":16,"column":15}},"10":{"start":{"line":25,"column":4},"end":{"line":25,"column":null}},"11":{"start":{"line":25,"column":63},"end":{"line":25,"column":95}},"12":{"start":{"line":25,"column":83},"end":{"line":25,"column":93}},"13":{"start":{"line":24,"column":0},"end":{"line":24,"column":15}},"14":{"start":{"line":29,"column":14},"end":{"line":29,"column":32}},"15":{"start":{"line":29,"column":30},"end":{"line":29,"column":31}},"16":{"start":{"line":30,"column":16},"end":{"line":30,"column":17}},"17":{"start":{"line":31,"column":4},"end":{"line":44,"column":null}},"18":{"start":{"line":32,"column":8},"end":{"line":32,"column":18}},"19":{"start":{"line":33,"column":8},"end":{"line":33,"column":18}},"20":{"start":{"line":34,"column":8},"end":{"line":43,"column":null}},"21":{"start":{"line":34,"column":21},"end":{"line":34,"column":22}},"22":{"start":{"line":35,"column":12},"end":{"line":35,"column":28}},"23":{"start":{"line":36,"column":12},"end":{"line":42,"column":null}},"24":{"start":{"line":37,"column":16},"end":{"line":37,"column":27}},"25":{"start":{"line":38,"column":16},"end":{"line":38,"column":26}},"26":{"start":{"line":40,"column":16},"end":{"line":40,"column":26}},"27":{"start":{"line":41,"column":16},"end":{"line":41,"column":22}},"28":{"start":{"line":28,"column":0},"end":{"line":28,"column":15}},"29":{"start":{"line":48,"column":4},"end":{"line":50,"column":null}},"30":{"start":{"line":48,"column":60},"end":{"line":48,"column":68}},"31":{"start":{"line":49,"column":8},"end":{"line":49,"column":60}},"32":{"start":{"line":49,"column":40},"end":{"line":49,"column":58}},"33":{"start":{"line":47,"column":0},"end":{"line":47,"column":15}},"34":{"start":{"line":54,"column":4},"end":{"line":54,"column":null}},"35":{"start":{"line":54,"column":31},"end":{"line":54,"column":44}},"36":{"start":{"line":55,"column":4},"end":{"line":57,"column":null}},"37":{"start":{"line":56,"column":8},"end":{"line":56,"column":84}},"38":{"start":{"line":56,"column":53},"end":{"line":56,"column":60}},"39":{"start":{"line":53,"column":0},"end":{"line":53,"column":15}}},"fnMap":{"0":{"name":"range","decl":{"start":{"line":12,"column":10},"end":{"line":12,"column":15}},"loc":{"start":{"line":12,"column":42},"end":{"line":14,"column":1}}},"1":{"name":"last","decl":{"start":{"line":15,"column":9},"end":{"line":15,"column":13}},"loc":{"start":{"line":15,"column":25},"end":{"line":15,"column":58}}},"2":{"name":"numericCombinations","decl":{"start":{"line":16,"column":17},"end":{"line":16,"column":36}},"loc":{"start":{"line":16,"column":77},"end":{"line":23,"column":1}}},"3":{"name":"combinations","decl":{"start":{"line":24,"column":17},"end":{"line":24,"column":29}},"loc":{"start":{"line":24,"column":65},"end":{"line":26,"column":1}}},"4":{"name":"(anonymous_4)","decl":{"start":{"line":25,"column":78},"end":{"line":25,"column":79}},"loc":{"start":{"line":25,"column":83},"end":{"line":25,"column":93}}},"5":{"name":"numericCartesianProduct","decl":{"start":{"line":28,"column":17},"end":{"line":28,"column":40}},"loc":{"start":{"line":28,"column":57},"end":{"line":45,"column":1}}},"6":{"name":"(anonymous_6)","decl":{"start":{"line":29,"column":25},"end":{"line":29,"column":26}},"loc":{"start":{"line":29,"column":30},"end":{"line":29,"column":31}}},"7":{"name":"cartesianProduct","decl":{"start":{"line":47,"column":17},"end":{"line":47,"column":33}},"loc":{"start":{"line":47,"column":51},"end":{"line":51,"column":1}}},"8":{"name":"(anonymous_8)","decl":{"start":{"line":48,"column":55},"end":{"line":48,"column":56}},"loc":{"start":{"line":48,"column":60},"end":{"line":48,"column":68}}},"9":{"name":"(anonymous_9)","decl":{"start":{"line":49,"column":22},"end":{"line":49,"column":23}},"loc":{"start":{"line":49,"column":40},"end":{"line":49,"column":58}}},"10":{"name":"permutations","decl":{"start":{"line":53,"column":17},"end":{"line":53,"column":29}},"loc":{"start":{"line":53,"column":85},"end":{"line":58,"column":1}}},"11":{"name":"(anonymous_11)","decl":{"start":{"line":56,"column":43},"end":{"line":56,"column":44}},"loc":{"start":{"line":56,"column":53},"end":{"line":56,"column":60}}}},"branchMap":{"0":{"loc":{"start":{"line":16,"column":59},"end":{"line":16,"column":77}},"type":"default-arg","locations":[{"start":{"line":16,"column":75},"end":{"line":16,"column":77}}]},"1":{"loc":{"start":{"line":18,"column":4},"end":{"line":21,"column":null}},"type":"if","locations":[{"start":{"line":18,"column":4},"end":{"line":21,"column":null}}]},"2":{"loc":{"start":{"line":22,"column":27},"end":{"line":22,"column":50}},"type":"cond-expr","locations":[{"start":{"line":22,"column":33},"end":{"line":22,"column":46}},{"start":{"line":22,"column":49},"end":{"line":22,"column":50}}]},"3":{"loc":{"start":{"line":36,"column":12},"end":{"line":42,"column":null}},"type":"if","locations":[{"start":{"line":36,"column":12},"end":{"line":42,"column":null}},{"start":{"line":39,"column":19},"end":{"line":42,"column":null}}]},"4":{"loc":{"start":{"line":53,"column":47},"end":{"line":53,"column":65}},"type":"default-arg","locations":[{"start":{"line":53,"column":51},"end":{"line":53,"column":65}}]},"5":{"loc":{"start":{"line":53,"column":67},"end":{"line":53,"column":85}},"type":"default-arg","locations":[{"start":{"line":53,"column":76},"end":{"line":53,"column":85}}]},"6":{"loc":{"start":{"line":54,"column":4},"end":{"line":54,"column":null}},"type":"if","locations":[{"start":{"line":54,"column":4},"end":{"line":54,"column":null}}]}},"s":{"0":4134,"1":8268,"2":3072,"3":9330,"4":9330,"5":5196,"6":5196,"7":4134,"8":8268,"9":3,"10":1062,"11":5196,"12":10992,"13":3,"14":2,"15":4,"16":2,"17":2,"18":10,"19":10,"20":10,"21":10,"22":15,"23":15,"24":7,"25":7,"26":8,"27":8,"28":3,"29":1,"30":2,"31":4,"32":8,"33":3,"34":65,"35":24,"36":65,"37":64,"38":124,"39":3},"f":{"0":4134,"1":3072,"2":9330,"3":1062,"4":10992,"5":2,"6":4,"7":1,"8":2,"9":8,"10":65,"11":124},"b":{"0":[1062],"1":[5196],"2":[3072,1062],"3":[7,8],"4":[1],"5":[1],"6":[24]}}
,"/Users/murali/proj/js/rummy-core/src/meld.ts": {"path":"/Users/murali/proj/js/rummy-core/src/meld.ts","statementMap":{"0":{"start":{"line":1,"column":0},"end":{"line":1,"column":27}},"1":{"start":{"line":2,"column":0},"end":{"line":2,"column":null}},"2":{"start":{"line":17,"column":0},"end":{"line":17,"column":24}},"3":{"start":{"line":18,"column":0},"end":{"line":18,"column":null}},"4":{"start":{"line":24,"column":0},"end":{"line":24,"column":38}},"5":{"start":{"line":25,"column":0},"end":{"line":25,"column":38}},"6":{"start":{"line":26,"column":0},"end":{"line":26,"column":38}},"7":{"start":{"line":27,"column":0},"end":{"line":27,"column":46}},"8":{"start":{"line":28,"column":0},"end":{"line":28,"column":42}},"9":{"start":{"line":29,"column":0},"end":{"line":29,"column":54}},"10":{"start":{"line":31,"column":0},"end":{"line":31,"column":51}},"11":{"start":{"line":34,"column":14},"end":{"line":34,"column":29}},"12":{"start":{"line":35,"column":26},"end":{"line":35,"column":28}},"13":{"start":{"line":43,"column":4},"end":{"line":45,"column":6}},"14":{"start":{"line":43,"column":38},"end":{"line":43,"column":73}},"15":{"start":{"line":42,"column":0},"end":{"line":42,"column":16}},"16":{"start":{"line":54,"column":4},"end":{"line":54,"column":80}},"17":{"start":{"line":54,"column":38},"end":{"line":54,"column":66}},"18":{"start":{"line":53,"column":0},"end":{"line":53,"column":16}},"19":{"start":{"line":56,"column":56},"end":{"line":57,"column":74}},"20":{"start":{"line":56,"column":65},"end":{"line":57,"column":74}},"21":{"start":{"line":57,"column":4},"end":{"line":57,"column":74}},"22":{"start":{"line":64,"column":4},"end":{"line":64,"column":66}},"23":{"start":{"line":64,"column":56},"end":{"line":64,"column":62}},"24":{"start":{"line":63,"column":0},"end":{"line":63,"column":16}},"25":{"start":{"line":71,"column":22},"end":{"line":71,"column":67}},"26":{"start":{"line":72,"column":32},"end":{"line":72,"column":65}},"27":{"start":{"line":73,"column":22},"end":{"line":73,"column":35}},"28":{"start":{"line":74,"column":4},"end":{"line":74,"column":66}},"29":{"start":{"line":74,"column":45},"end":{"line":74,"column":51}},"30":{"start":{"line":70,"column":0},"end":{"line":70,"column":16}},"31":{"start":{"line":82,"column":22},"end":{"line":82,"column":67}},"32":{"start":{"line":83,"column":32},"end":{"line":83,"column":65}},"33":{"start":{"line":84,"column":22},"end":{"line":84,"column":35}},"34":{"start":{"line":85,"column":4},"end":{"line":85,"column":66}},"35":{"start":{"line":85,"column":45},"end":{"line":85,"column":51}},"36":{"start":{"line":81,"column":0},"end":{"line":81,"column":16}},"37":{"start":{"line":88,"column":25},"end":{"line":93,"column":7}},"38":{"start":{"line":88,"column":50},"end":{"line":93,"column":7}},"39":{"start":{"line":90,"column":16},"end":{"line":90,"column":22}},"40":{"start":{"line":91,"column":19},"end":{"line":91,"column":35}},"41":{"start":{"line":92,"column":15},"end":{"line":92,"column":34}},"42":{"start":{"line":88,"column":13},"end":{"line":88,"column":25}},"43":{"start":{"line":103,"column":17},"end":{"line":103,"column":48}},"44":{"start":{"line":104,"column":17},"end":{"line":104,"column":48}},"45":{"start":{"line":105,"column":25},"end":{"line":105,"column":59}},"46":{"start":{"line":106,"column":26},"end":{"line":109,"column":null}},"47":{"start":{"line":109,"column":41},"end":{"line":109,"column":55}},"48":{"start":{"line":111,"column":22},"end":{"line":111,"column":53}},"49":{"start":{"line":112,"column":17},"end":{"line":112,"column":70}},"50":{"start":{"line":113,"column":22},"end":{"line":118,"column":null}},"51":{"start":{"line":115,"column":24},"end":{"line":115,"column":37}},"52":{"start":{"line":117,"column":37},"end":{"line":117,"column":68}},"53":{"start":{"line":120,"column":21},"end":{"line":125,"column":null}},"54":{"start":{"line":122,"column":24},"end":{"line":122,"column":37}},"55":{"start":{"line":124,"column":37},"end":{"line":124,"column":67}},"56":{"start":{"line":127,"column":23},"end":{"line":127,"column":60}},"57":{"start":{"line":128,"column":22},"end":{"line":128,"column":68}},"58":{"start":{"line":129,"column":19},"end":{"line":129,"column":48}},"59":{"start":{"line":130,"column":4},"end":{"line":130,"column":36}},"60":{"start":{"line":95,"column":0},"end":{"line":95,"column":16}},"61":{"start":{"line":132,"column":35},"end":{"line":136,"column":1}},"62":{"start":{"line":133,"column":23},"end":{"line":133,"column":94}},"63":{"start":{"line":134,"column":19},"end":{"line":134,"column":48}},"64":{"start":{"line":135,"column":4},"end":{"line":135,"column":36}},"65":{"start":{"line":132,"column":13},"end":{"line":132,"column":35}},"66":{"start":{"line":142,"column":27},"end":{"line":145,"column":1}},"67":{"start":{"line":143,"column":15},"end":{"line":143,"column":64}},"68":{"start":{"line":143,"column":41},"end":{"line":143,"column":52}},"69":{"start":{"line":144,"column":4},"end":{"line":144,"column":50}},"70":{"start":{"line":142,"column":13},"end":{"line":142,"column":27}},"71":{"start":{"line":152,"column":26},"end":{"line":156,"column":1}},"72":{"start":{"line":153,"column":15},"end":{"line":153,"column":64}},"73":{"start":{"line":153,"column":41},"end":{"line":153,"column":52}},"74":{"start":{"line":154,"column":16},"end":{"line":154,"column":57}},"75":{"start":{"line":155,"column":4},"end":{"line":155,"column":55}},"76":{"start":{"line":152,"column":13},"end":{"line":152,"column":26}},"77":{"start":{"line":163,"column":30},"end":{"line":167,"column":1}},"78":{"start":{"line":164,"column":15},"end":{"line":164,"column":64}},"79":{"start":{"line":164,"column":41},"end":{"line":164,"column":52}},"80":{"start":{"line":165,"column":16},"end":{"line":165,"column":57}},"81":{"start":{"line":166,"column":4},"end":{"line":166,"column":59}},"82":{"start":{"line":163,"column":13},"end":{"line":163,"column":30}},"83":{"start":{"line":169,"column":26},"end":{"line":179,"column":1}},"84":{"start":{"line":170,"column":17},"end":{"line":170,"column":56}},"85":{"start":{"line":171,"column":22},"end":{"line":171,"column":70}},"86":{"start":{"line":172,"column":21},"end":{"line":172,"column":72}},"87":{"start":{"line":173,"column":23},"end":{"line":176,"column":16}},"88":{"start":{"line":178,"column":4},"end":{"line":178,"column":101}},"89":{"start":{"line":169,"column":13},"end":{"line":169,"column":26}},"90":{"start":{"line":191,"column":23},"end":{"line":191,"column":83}},"91":{"start":{"line":191,"column":51},"end":{"line":191,"column":83}},"92":{"start":{"line":192,"column":24},"end":{"line":192,"column":83}},"93":{"start":{"line":192,"column":51},"end":{"line":192,"column":83}},"94":{"start":{"line":194,"column":23},"end":{"line":195,"column":59}},"95":{"start":{"line":195,"column":8},"end":{"line":195,"column":59}},"96":{"start":{"line":197,"column":19},"end":{"line":204,"column":null}},"97":{"start":{"line":200,"column":28},"end":{"line":200,"column":33}},"98":{"start":{"line":204,"column":28},"end":{"line":204,"column":33}},"99":{"start":{"line":207,"column":4},"end":{"line":222,"column":null}},"100":{"start":{"line":209,"column":38},"end":{"line":209,"column":51}},"101":{"start":{"line":209,"column":59},"end":{"line":209,"column":90}},"102":{"start":{"line":210,"column":38},"end":{"line":210,"column":59}},"103":{"start":{"line":210,"column":67},"end":{"line":210,"column":110}},"104":{"start":{"line":211,"column":38},"end":{"line":211,"column":90}},"105":{"start":{"line":211,"column":60},"end":{"line":211,"column":77}},"106":{"start":{"line":212,"column":18},"end":{"line":212,"column":54}},"107":{"start":{"line":213,"column":14},"end":{"line":213,"column":54}},"108":{"start":{"line":214,"column":22},"end":{"line":221,"column":10}},"109":{"start":{"line":215,"column":32},"end":{"line":215,"column":49}},"110":{"start":{"line":217,"column":47},"end":{"line":217,"column":62}},"111":{"start":{"line":186,"column":0},"end":{"line":186,"column":16}},"112":{"start":{"line":231,"column":19},"end":{"line":234,"column":null}},"113":{"start":{"line":238,"column":22},"end":{"line":238,"column":77}},"114":{"start":{"line":239,"column":26},"end":{"line":240,"column":null}},"115":{"start":{"line":242,"column":24},"end":{"line":243,"column":null}},"116":{"start":{"line":245,"column":4},"end":{"line":254,"column":null}},"117":{"start":{"line":230,"column":0},"end":{"line":230,"column":16}},"118":{"start":{"line":257,"column":34},"end":{"line":265,"column":10}},"119":{"start":{"line":258,"column":4},"end":{"line":265,"column":10}},"120":{"start":{"line":262,"column":27},"end":{"line":262,"column":46}},"121":{"start":{"line":257,"column":13},"end":{"line":257,"column":34}},"122":{"start":{"line":267,"column":29},"end":{"line":268,"column":44}},"123":{"start":{"line":267,"column":44},"end":{"line":268,"column":44}},"124":{"start":{"line":268,"column":4},"end":{"line":268,"column":44}},"125":{"start":{"line":267,"column":13},"end":{"line":267,"column":29}},"126":{"start":{"line":279,"column":25},"end":{"line":281,"column":null}},"127":{"start":{"line":283,"column":4},"end":{"line":288,"column":10}},"128":{"start":{"line":277,"column":0},"end":{"line":277,"column":16}},"129":{"start":{"line":300,"column":4},"end":{"line":300,"column":70}},"130":{"start":{"line":296,"column":0},"end":{"line":296,"column":16}}},"fnMap":{"0":{"name":"cardsInSequence","decl":{"start":{"line":42,"column":16},"end":{"line":42,"column":31}},"loc":{"start":{"line":42,"column":54},"end":{"line":46,"column":1}}},"1":{"name":"(anonymous_8)","decl":{"start":{"line":43,"column":17},"end":{"line":43,"column":18}},"loc":{"start":{"line":43,"column":38},"end":{"line":43,"column":73}}},"2":{"name":"cardsInTriplet","decl":{"start":{"line":53,"column":16},"end":{"line":53,"column":30}},"loc":{"start":{"line":53,"column":45},"end":{"line":55,"column":1}}},"3":{"name":"(anonymous_10)","decl":{"start":{"line":54,"column":17},"end":{"line":54,"column":18}},"loc":{"start":{"line":54,"column":38},"end":{"line":54,"column":66}}},"4":{"name":"(anonymous_11)","decl":{"start":{"line":56,"column":56},"end":{"line":56,"column":57}},"loc":{"start":{"line":56,"column":65},"end":{"line":57,"column":74}}},"5":{"name":"(anonymous_12)","decl":{"start":{"line":56,"column":65},"end":{"line":56,"column":66}},"loc":{"start":{"line":57,"column":4},"end":{"line":57,"column":74}}},"6":{"name":"mkLife","decl":{"start":{"line":63,"column":16},"end":{"line":63,"column":22}},"loc":{"start":{"line":63,"column":45},"end":{"line":65,"column":1}}},"7":{"name":"(anonymous_14)","decl":{"start":{"line":64,"column":51},"end":{"line":64,"column":52}},"loc":{"start":{"line":64,"column":56},"end":{"line":64,"column":62}}},"8":{"name":"mkSequence","decl":{"start":{"line":70,"column":16},"end":{"line":70,"column":26}},"loc":{"start":{"line":70,"column":72},"end":{"line":75,"column":1}}},"9":{"name":"(anonymous_16)","decl":{"start":{"line":74,"column":40},"end":{"line":74,"column":41}},"loc":{"start":{"line":74,"column":45},"end":{"line":74,"column":51}}},"10":{"name":"mkTriplet","decl":{"start":{"line":81,"column":16},"end":{"line":81,"column":25}},"loc":{"start":{"line":81,"column":71},"end":{"line":86,"column":1}}},"11":{"name":"(anonymous_18)","decl":{"start":{"line":85,"column":40},"end":{"line":85,"column":41}},"loc":{"start":{"line":85,"column":45},"end":{"line":85,"column":51}}},"12":{"name":"(anonymous_19)","decl":{"start":{"line":88,"column":25},"end":{"line":88,"column":26}},"loc":{"start":{"line":88,"column":50},"end":{"line":93,"column":7}}},"13":{"name":"(anonymous_20)","decl":{"start":{"line":90,"column":11},"end":{"line":90,"column":12}},"loc":{"start":{"line":90,"column":16},"end":{"line":90,"column":22}}},"14":{"name":"(anonymous_21)","decl":{"start":{"line":91,"column":14},"end":{"line":91,"column":15}},"loc":{"start":{"line":91,"column":19},"end":{"line":91,"column":35}}},"15":{"name":"(anonymous_22)","decl":{"start":{"line":92,"column":4},"end":{"line":92,"column":5}},"loc":{"start":{"line":92,"column":15},"end":{"line":92,"column":34}}},"16":{"name":"mkMeldFromSetVecs","decl":{"start":{"line":95,"column":16},"end":{"line":95,"column":33}},"loc":{"start":{"line":101,"column":36},"end":{"line":131,"column":1}}},"17":{"name":"(anonymous_24)","decl":{"start":{"line":109,"column":35},"end":{"line":109,"column":37}},"loc":{"start":{"line":109,"column":41},"end":{"line":109,"column":55}}},"18":{"name":"(anonymous_25)","decl":{"start":{"line":115,"column":18},"end":{"line":115,"column":20}},"loc":{"start":{"line":115,"column":24},"end":{"line":115,"column":37}}},"19":{"name":"(anonymous_26)","decl":{"start":{"line":117,"column":12},"end":{"line":117,"column":13}},"loc":{"start":{"line":117,"column":37},"end":{"line":117,"column":68}}},"20":{"name":"(anonymous_27)","decl":{"start":{"line":122,"column":18},"end":{"line":122,"column":20}},"loc":{"start":{"line":122,"column":24},"end":{"line":122,"column":37}}},"21":{"name":"(anonymous_28)","decl":{"start":{"line":124,"column":12},"end":{"line":124,"column":13}},"loc":{"start":{"line":124,"column":37},"end":{"line":124,"column":67}}},"22":{"name":"(anonymous_29)","decl":{"start":{"line":132,"column":35},"end":{"line":132,"column":36}},"loc":{"start":{"line":132,"column":85},"end":{"line":136,"column":1}}},"23":{"name":"(anonymous_30)","decl":{"start":{"line":142,"column":27},"end":{"line":142,"column":28}},"loc":{"start":{"line":142,"column":42},"end":{"line":145,"column":1}}},"24":{"name":"(anonymous_31)","decl":{"start":{"line":143,"column":36},"end":{"line":143,"column":37}},"loc":{"start":{"line":143,"column":41},"end":{"line":143,"column":52}}},"25":{"name":"(anonymous_32)","decl":{"start":{"line":152,"column":26},"end":{"line":152,"column":27}},"loc":{"start":{"line":152,"column":45},"end":{"line":156,"column":1}}},"26":{"name":"(anonymous_33)","decl":{"start":{"line":153,"column":36},"end":{"line":153,"column":37}},"loc":{"start":{"line":153,"column":41},"end":{"line":153,"column":52}}},"27":{"name":"(anonymous_34)","decl":{"start":{"line":163,"column":30},"end":{"line":163,"column":31}},"loc":{"start":{"line":163,"column":48},"end":{"line":167,"column":1}}},"28":{"name":"(anonymous_35)","decl":{"start":{"line":164,"column":36},"end":{"line":164,"column":37}},"loc":{"start":{"line":164,"column":41},"end":{"line":164,"column":52}}},"29":{"name":"(anonymous_36)","decl":{"start":{"line":169,"column":26},"end":{"line":169,"column":27}},"loc":{"start":{"line":169,"column":56},"end":{"line":179,"column":1}}},"30":{"name":"mkWinningHand","decl":{"start":{"line":186,"column":16},"end":{"line":186,"column":29}},"loc":{"start":{"line":189,"column":33},"end":{"line":223,"column":1}}},"31":{"name":"(anonymous_38)","decl":{"start":{"line":191,"column":23},"end":{"line":191,"column":24}},"loc":{"start":{"line":191,"column":51},"end":{"line":191,"column":83}}},"32":{"name":"(anonymous_39)","decl":{"start":{"line":192,"column":24},"end":{"line":192,"column":25}},"loc":{"start":{"line":192,"column":51},"end":{"line":192,"column":83}}},"33":{"name":"(anonymous_40)","decl":{"start":{"line":194,"column":23},"end":{"line":194,"column":24}},"loc":{"start":{"line":195,"column":8},"end":{"line":195,"column":59}}},"34":{"name":"(anonymous_41)","decl":{"start":{"line":200,"column":18},"end":{"line":200,"column":19}},"loc":{"start":{"line":200,"column":28},"end":{"line":200,"column":33}}},"35":{"name":"(anonymous_42)","decl":{"start":{"line":204,"column":18},"end":{"line":204,"column":19}},"loc":{"start":{"line":204,"column":28},"end":{"line":204,"column":33}}},"36":{"name":"(anonymous_43)","decl":{"start":{"line":209,"column":32},"end":{"line":209,"column":35}},"loc":{"start":{"line":209,"column":38},"end":{"line":209,"column":51}}},"37":{"name":"(anonymous_44)","decl":{"start":{"line":209,"column":53},"end":{"line":209,"column":56}},"loc":{"start":{"line":209,"column":59},"end":{"line":209,"column":90}}},"38":{"name":"(anonymous_45)","decl":{"start":{"line":210,"column":32},"end":{"line":210,"column":35}},"loc":{"start":{"line":210,"column":38},"end":{"line":210,"column":59}}},"39":{"name":"(anonymous_46)","decl":{"start":{"line":210,"column":61},"end":{"line":210,"column":64}},"loc":{"start":{"line":210,"column":67},"end":{"line":210,"column":110}}},"40":{"name":"(anonymous_47)","decl":{"start":{"line":211,"column":32},"end":{"line":211,"column":35}},"loc":{"start":{"line":211,"column":38},"end":{"line":211,"column":90}}},"41":{"name":"(anonymous_48)","decl":{"start":{"line":211,"column":53},"end":{"line":211,"column":54}},"loc":{"start":{"line":211,"column":60},"end":{"line":211,"column":77}}},"42":{"name":"(anonymous_49)","decl":{"start":{"line":212,"column":12},"end":{"line":212,"column":15}},"loc":{"start":{"line":212,"column":18},"end":{"line":212,"column":54}}},"43":{"name":"(anonymous_50)","decl":{"start":{"line":213,"column":8},"end":{"line":213,"column":11}},"loc":{"start":{"line":213,"column":14},"end":{"line":213,"column":54}}},"44":{"name":"(anonymous_51)","decl":{"start":{"line":214,"column":16},"end":{"line":214,"column":19}},"loc":{"start":{"line":214,"column":22},"end":{"line":221,"column":10}}},"45":{"name":"(anonymous_52)","decl":{"start":{"line":215,"column":25},"end":{"line":215,"column":26}},"loc":{"start":{"line":215,"column":32},"end":{"line":215,"column":49}}},"46":{"name":"(anonymous_53)","decl":{"start":{"line":217,"column":40},"end":{"line":217,"column":41}},"loc":{"start":{"line":217,"column":47},"end":{"line":217,"column":62}}},"47":{"name":"enumerateMeldedHand","decl":{"start":{"line":230,"column":16},"end":{"line":230,"column":35}},"loc":{"start":{"line":230,"column":59},"end":{"line":255,"column":1}}},"48":{"name":"(anonymous_55)","decl":{"start":{"line":257,"column":34},"end":{"line":257,"column":35}},"loc":{"start":{"line":258,"column":4},"end":{"line":265,"column":10}}},"49":{"name":"(anonymous_56)","decl":{"start":{"line":262,"column":22},"end":{"line":262,"column":23}},"loc":{"start":{"line":262,"column":27},"end":{"line":262,"column":46}}},"50":{"name":"(anonymous_57)","decl":{"start":{"line":267,"column":29},"end":{"line":267,"column":30}},"loc":{"start":{"line":267,"column":44},"end":{"line":268,"column":44}}},"51":{"name":"(anonymous_58)","decl":{"start":{"line":267,"column":44},"end":{"line":267,"column":45}},"loc":{"start":{"line":268,"column":4},"end":{"line":268,"column":44}}},"52":{"name":"computePointsGamePlayer","decl":{"start":{"line":277,"column":16},"end":{"line":277,"column":39}},"loc":{"start":{"line":277,"column":70},"end":{"line":289,"column":1}}},"53":{"name":"meldedHandMatchesHand","decl":{"start":{"line":296,"column":16},"end":{"line":296,"column":37}},"loc":{"start":{"line":298,"column":14},"end":{"line":301,"column":1}}}},"branchMap":{"0":{"loc":{"start":{"line":57,"column":4},"end":{"line":57,"column":74}},"type":"binary-expr","locations":[{"start":{"line":57,"column":5},"end":{"line":57,"column":29}},{"start":{"line":57,"column":33},"end":{"line":57,"column":57}},{"start":{"line":57,"column":62},"end":{"line":57,"column":74}}]},"1":{"loc":{"start":{"line":112,"column":17},"end":{"line":112,"column":70}},"type":"cond-expr","locations":[{"start":{"line":112,"column":41},"end":{"line":112,"column":50}},{"start":{"line":112,"column":53},"end":{"line":112,"column":70}}]},"2":{"loc":{"start":{"line":170,"column":17},"end":{"line":170,"column":56}},"type":"cond-expr","locations":[{"start":{"line":170,"column":29},"end":{"line":170,"column":51}},{"start":{"line":170,"column":54},"end":{"line":170,"column":56}}]},"3":{"loc":{"start":{"line":195,"column":8},"end":{"line":195,"column":59}},"type":"cond-expr","locations":[{"start":{"line":195,"column":25},"end":{"line":195,"column":40}},{"start":{"line":195,"column":43},"end":{"line":195,"column":59}}]},"4":{"loc":{"start":{"line":233,"column":39},"end":{"line":233,"column":64}},"type":"cond-expr","locations":[{"start":{"line":233,"column":58},"end":{"line":233,"column":62}},{"start":{"line":233,"column":62},"end":{"line":233,"column":64}}]},"5":{"loc":{"start":{"line":233,"column":39},"end":{"line":233,"column":62}},"type":"binary-expr","locations":[{"start":{"line":233,"column":39},"end":{"line":233,"column":62}},{"start":{"line":233,"column":58},"end":{"line":233,"column":62}}]},"6":{"loc":{"start":{"line":234,"column":39},"end":{"line":234,"column":65}},"type":"cond-expr","locations":[{"start":{"line":234,"column":59},"end":{"line":234,"column":63}},{"start":{"line":234,"column":63},"end":{"line":234,"column":65}}]},"7":{"loc":{"start":{"line":234,"column":39},"end":{"line":234,"column":63}},"type":"binary-expr","locations":[{"start":{"line":234,"column":39},"end":{"line":234,"column":63}},{"start":{"line":234,"column":59},"end":{"line":234,"column":63}}]},"8":{"loc":{"start":{"line":238,"column":22},"end":{"line":238,"column":77}},"type":"cond-expr","locations":[{"start":{"line":238,"column":40},"end":{"line":238,"column":72}},{"start":{"line":238,"column":75},"end":{"line":238,"column":77}}]},"9":{"loc":{"start":{"line":240,"column":31},"end":{"line":240,"column":57}},"type":"cond-expr","locations":[{"start":{"line":240,"column":51},"end":{"line":240,"column":55}},{"start":{"line":240,"column":55},"end":{"line":240,"column":57}}]},"10":{"loc":{"start":{"line":240,"column":31},"end":{"line":240,"column":55}},"type":"binary-expr","locations":[{"start":{"line":240,"column":31},"end":{"line":240,"column":55}},{"start":{"line":240,"column":51},"end":{"line":240,"column":55}}]},"11":{"loc":{"start":{"line":243,"column":30},"end":{"line":243,"column":55}},"type":"cond-expr","locations":[{"start":{"line":243,"column":49},"end":{"line":243,"column":53}},{"start":{"line":243,"column":53},"end":{"line":243,"column":55}}]},"12":{"loc":{"start":{"line":243,"column":30},"end":{"line":243,"column":53}},"type":"binary-expr","locations":[{"start":{"line":243,"column":30},"end":{"line":243,"column":53}},{"start":{"line":243,"column":49},"end":{"line":243,"column":53}}]},"13":{"loc":{"start":{"line":246,"column":8},"end":{"line":253,"column":20}},"type":"cond-expr","locations":[{"start":{"line":247,"column":12},"end":{"line":251,"column":42}},{"start":{"line":253,"column":14},"end":{"line":253,"column":20}}]},"14":{"loc":{"start":{"line":247,"column":12},"end":{"line":251,"column":42}},"type":"cond-expr","locations":[{"start":{"line":248,"column":16},"end":{"line":248,"column":68}},{"start":{"line":251,"column":18},"end":{"line":251,"column":42}}]},"15":{"loc":{"start":{"line":283,"column":11},"end":{"line":287,"column":null}},"type":"cond-expr","locations":[{"start":{"line":284,"column":63},"end":{"line":284,"column":64}},{"start":{"line":285,"column":10},"end":{"line":287,"column":null}}]}},"s":{"0":2,"1":2,"2":2,"3":2,"4":2,"5":2,"6":2,"7":2,"8":2,"9":2,"10":2,"11":2,"12":2,"13":2,"14":8,"15":2,"16":2,"17":7,"18":2,"19":2,"20":2899,"21":9261,"22":1256,"23":3768,"24":2,"25":1354,"26":1354,"27":1354,"28":1354,"29":3054,"30":2,"31":1545,"32":1545,"33":1545,"34":1545,"35":3839,"36":2,"37":2,"38":5032,"39":10296,"40":10296,"41":5032,"42":2,"43":1258,"44":1258,"45":1258,"46":1258,"47":2516,"48":1258,"49":1258,"50":1258,"51":2230,"52":1352,"53":1258,"54":1544,"55":1544,"56":1258,"57":1258,"58":1258,"59":1258,"60":2,"61":2,"62":1,"63":1,"64":1,"65":2,"66":2,"67":2,"68":8,"69":2,"70":2,"71":2,"72":1,"73":3,"74":1,"75":1,"76":2,"77":2,"78":2,"79":7,"80":2,"81":2,"82":2,"83":2,"84":2,"85":2,"86":2,"87":2,"88":2,"89":2,"90":1,"91":2,"92":1,"93":1,"94":1,"95":3,"96":1,"97":2,"98":1,"99":1,"100":1,"101":0,"102":1,"103":0,"104":1,"105":1,"106":0,"107":1,"108":1,"109":1,"110":2,"111":2,"112":1,"113":1,"114":1,"115":1,"116":1,"117":2,"118":2,"119":1259,"120":2095,"121":2,"122":2,"123":1259,"124":1259,"125":2,"126":0,"127":0,"128":2,"129":0,"130":2},"f":{"0":2,"1":8,"2":2,"3":7,"4":2899,"5":9261,"6":1256,"7":3768,"8":1354,"9":3054,"10":1545,"11":3839,"12":5032,"13":10296,"14":10296,"15":5032,"16":1258,"17":2516,"18":2230,"19":1352,"20":1544,"21":1544,"22":1,"23":2,"24":8,"25":1,"26":3,"27":2,"28":7,"29":2,"30":1,"31":2,"32":1,"33":3,"34":2,"35":1,"36":1,"37":0,"38":1,"39":0,"40":1,"41":1,"42":0,"43":1,"44":1,"45":1,"46":2,"47":1,"48":1259,"49":2095,"50":1259,"51":1259,"52":0,"53":0},"b":{"0":[9261,2368,6893],"1":[2,1256],"2":[2,0],"3":[2,1],"4":[1,0],"5":[1,1],"6":[1,0],"7":[1,1],"8":[1,0],"9":[1,0],"10":[1,1],"11":[1,0],"12":[1,1],"13":[1,0],"14":[0,1],"15":[0,0]}}
,"/Users/murali/proj/js/rummy-core/src/solving.ts": {"path":"/Users/murali/proj/js/rummy-core/src/solving.ts","statementMap":{"0":{"start":{"line":9,"column":0},"end":{"line":9,"column":54}},"1":{"start":{"line":10,"column":0},"end":{"line":10,"column":45}},"2":{"start":{"line":11,"column":0},"end":{"line":11,"column":47}},"3":{"start":{"line":12,"column":0},"end":{"line":12,"column":129}},"4":{"start":{"line":13,"column":0},"end":{"line":13,"column":62}},"5":{"start":{"line":14,"column":0},"end":{"line":14,"column":37}},"6":{"start":{"line":15,"column":0},"end":{"line":15,"column":36}},"7":{"start":{"line":16,"column":0},"end":{"line":16,"column":27}},"8":{"start":{"line":17,"column":0},"end":{"line":17,"column":26}},"9":{"start":{"line":18,"column":0},"end":{"line":18,"column":55}},"10":{"start":{"line":20,"column":14},"end":{"line":20,"column":34}},"11":{"start":{"line":25,"column":16},"end":{"line":25,"column":24}},"12":{"start":{"line":26,"column":25},"end":{"line":26,"column":42}},"13":{"start":{"line":28,"column":17},"end":{"line":28,"column":35}},"14":{"start":{"line":29,"column":21},"end":{"line":29,"column":53}},"15":{"start":{"line":33,"column":22},"end":{"line":46,"column":1}},"16":{"start":{"line":35,"column":18},"end":{"line":35,"column":60}},"17":{"start":{"line":36,"column":4},"end":{"line":45,"column":null}},"18":{"start":{"line":39,"column":12},"end":{"line":42,"column":null}},"19":{"start":{"line":41,"column":44},"end":{"line":41,"column":59}},"20":{"start":{"line":42,"column":28},"end":{"line":42,"column":43}},"21":{"start":{"line":33,"column":13},"end":{"line":33,"column":22}},"22":{"start":{"line":53,"column":33},"end":{"line":56,"column":1}},"23":{"start":{"line":54,"column":21},"end":{"line":54,"column":39}},"24":{"start":{"line":55,"column":4},"end":{"line":55,"column":null}},"25":{"start":{"line":55,"column":34},"end":{"line":55,"column":64}},"26":{"start":{"line":53,"column":13},"end":{"line":53,"column":33}},"27":{"start":{"line":63,"column":26},"end":{"line":71,"column":null}},"28":{"start":{"line":64,"column":4},"end":{"line":71,"column":null}},"29":{"start":{"line":69,"column":31},"end":{"line":69,"column":49}},"30":{"start":{"line":63,"column":13},"end":{"line":63,"column":26}},"31":{"start":{"line":78,"column":29},"end":{"line":85,"column":null}},"32":{"start":{"line":79,"column":4},"end":{"line":85,"column":null}},"33":{"start":{"line":83,"column":31},"end":{"line":83,"column":49}},"34":{"start":{"line":78,"column":13},"end":{"line":78,"column":29}},"35":{"start":{"line":92,"column":13},"end":{"line":92,"column":93}},"36":{"start":{"line":92,"column":49},"end":{"line":92,"column":71}},"37":{"start":{"line":93,"column":13},"end":{"line":93,"column":93}},"38":{"start":{"line":93,"column":49},"end":{"line":93,"column":71}},"39":{"start":{"line":94,"column":13},"end":{"line":94,"column":93}},"40":{"start":{"line":94,"column":49},"end":{"line":94,"column":71}},"41":{"start":{"line":95,"column":13},"end":{"line":97,"column":3}},"42":{"start":{"line":99,"column":32},"end":{"line":100,"column":58}},"43":{"start":{"line":100,"column":4},"end":{"line":100,"column":58}},"44":{"start":{"line":100,"column":45},"end":{"line":100,"column":52}},"45":{"start":{"line":99,"column":13},"end":{"line":99,"column":32}},"46":{"start":{"line":102,"column":13},"end":{"line":102,"column":82}},"47":{"start":{"line":104,"column":22},"end":{"line":107,"column":2}},"48":{"start":{"line":109,"column":26},"end":{"line":123,"column":null}},"49":{"start":{"line":113,"column":8},"end":{"line":122,"column":43}},"50":{"start":{"line":114,"column":12},"end":{"line":120,"column":null}},"51":{"start":{"line":117,"column":38},"end":{"line":117,"column":68}},"52":{"start":{"line":119,"column":20},"end":{"line":119,"column":94}},"53":{"start":{"line":126,"column":28},"end":{"line":140,"column":null}},"54":{"start":{"line":130,"column":8},"end":{"line":139,"column":43}},"55":{"start":{"line":131,"column":12},"end":{"line":137,"column":null}},"56":{"start":{"line":134,"column":38},"end":{"line":134,"column":68}},"57":{"start":{"line":136,"column":20},"end":{"line":136,"column":94}},"58":{"start":{"line":143,"column":29},"end":{"line":144,"column":35}},"59":{"start":{"line":144,"column":4},"end":{"line":144,"column":35}},"60":{"start":{"line":143,"column":13},"end":{"line":143,"column":29}},"61":{"start":{"line":147,"column":17},"end":{"line":147,"column":30}},"62":{"start":{"line":154,"column":38},"end":{"line":163,"column":1}},"63":{"start":{"line":155,"column":19},"end":{"line":155,"column":42}},"64":{"start":{"line":156,"column":21},"end":{"line":156,"column":40}},"65":{"start":{"line":157,"column":22},"end":{"line":157,"column":43}},"66":{"start":{"line":158,"column":4},"end":{"line":162,"column":null}},"67":{"start":{"line":159,"column":19},"end":{"line":159,"column":79}},"68":{"start":{"line":159,"column":46},"end":{"line":159,"column":78}},"69":{"start":{"line":160,"column":20},"end":{"line":160,"column":46}},"70":{"start":{"line":161,"column":8},"end":{"line":161,"column":null}},"71":{"start":{"line":154,"column":13},"end":{"line":154,"column":38}},"72":{"start":{"line":165,"column":21},"end":{"line":165,"column":65}},"73":{"start":{"line":166,"column":16},"end":{"line":166,"column":96}},"74":{"start":{"line":167,"column":23},"end":{"line":169,"column":null}},"75":{"start":{"line":171,"column":24},"end":{"line":173,"column":null}},"76":{"start":{"line":175,"column":19},"end":{"line":177,"column":null}},"77":{"start":{"line":194,"column":38},"end":{"line":202,"column":null}},"78":{"start":{"line":195,"column":4},"end":{"line":202,"column":null}},"79":{"start":{"line":199,"column":30},"end":{"line":199,"column":77}},"80":{"start":{"line":200,"column":16},"end":{"line":200,"column":null}},"81":{"start":{"line":194,"column":13},"end":{"line":194,"column":38}},"82":{"start":{"line":204,"column":13},"end":{"line":204,"column":null}},"83":{"start":{"line":212,"column":28},"end":{"line":213,"column":75}},"84":{"start":{"line":212,"column":49},"end":{"line":213,"column":75}},"85":{"start":{"line":213,"column":4},"end":{"line":213,"column":75}},"86":{"start":{"line":213,"column":49},"end":{"line":213,"column":66}},"87":{"start":{"line":212,"column":13},"end":{"line":212,"column":28}},"88":{"start":{"line":220,"column":24},"end":{"line":224,"column":6}},"89":{"start":{"line":221,"column":4},"end":{"line":224,"column":6}},"90":{"start":{"line":222,"column":20},"end":{"line":222,"column":49}},"91":{"start":{"line":223,"column":8},"end":{"line":223,"column":null}},"92":{"start":{"line":223,"column":34},"end":{"line":223,"column":40}},"93":{"start":{"line":240,"column":33},"end":{"line":248,"column":null}},"94":{"start":{"line":240,"column":53},"end":{"line":248,"column":null}},"95":{"start":{"line":243,"column":4},"end":{"line":248,"column":null}},"96":{"start":{"line":247,"column":12},"end":{"line":247,"column":47}},"97":{"start":{"line":251,"column":38},"end":{"line":256,"column":null}},"98":{"start":{"line":251,"column":58},"end":{"line":256,"column":null}},"99":{"start":{"line":251,"column":111},"end":{"line":256,"column":null}},"100":{"start":{"line":255,"column":8},"end":{"line":255,"column":50}},"101":{"start":{"line":259,"column":32},"end":{"line":264,"column":null}},"102":{"start":{"line":259,"column":52},"end":{"line":264,"column":null}},"103":{"start":{"line":259,"column":105},"end":{"line":264,"column":null}},"104":{"start":{"line":263,"column":8},"end":{"line":263,"column":50}},"105":{"start":{"line":269,"column":29},"end":{"line":273,"column":1}},"106":{"start":{"line":269,"column":49},"end":{"line":273,"column":1}},"107":{"start":{"line":270,"column":16},"end":{"line":270,"column":45}},"108":{"start":{"line":271,"column":16},"end":{"line":271,"column":54}},"109":{"start":{"line":272,"column":4},"end":{"line":272,"column":null}},"110":{"start":{"line":269,"column":13},"end":{"line":269,"column":29}},"111":{"start":{"line":276,"column":31},"end":{"line":279,"column":80}},"112":{"start":{"line":276,"column":51},"end":{"line":279,"column":80}},"113":{"start":{"line":279,"column":4},"end":{"line":279,"column":80}},"114":{"start":{"line":276,"column":13},"end":{"line":276,"column":31}},"115":{"start":{"line":281,"column":28},"end":{"line":284,"column":1}},"116":{"start":{"line":281,"column":48},"end":{"line":284,"column":1}},"117":{"start":{"line":282,"column":16},"end":{"line":282,"column":59}},"118":{"start":{"line":283,"column":4},"end":{"line":283,"column":null}},"119":{"start":{"line":283,"column":97},"end":{"line":283,"column":119}},"120":{"start":{"line":281,"column":13},"end":{"line":281,"column":28}},"121":{"start":{"line":287,"column":31},"end":{"line":290,"column":92}},"122":{"start":{"line":287,"column":51},"end":{"line":290,"column":92}},"123":{"start":{"line":290,"column":4},"end":{"line":290,"column":92}},"124":{"start":{"line":287,"column":13},"end":{"line":287,"column":31}},"125":{"start":{"line":292,"column":28},"end":{"line":296,"column":1}},"126":{"start":{"line":292,"column":48},"end":{"line":296,"column":1}},"127":{"start":{"line":293,"column":16},"end":{"line":293,"column":53}},"128":{"start":{"line":295,"column":4},"end":{"line":295,"column":null}},"129":{"start":{"line":295,"column":105},"end":{"line":295,"column":133}},"130":{"start":{"line":292,"column":13},"end":{"line":292,"column":28}},"131":{"start":{"line":299,"column":32},"end":{"line":305,"column":1}},"132":{"start":{"line":299,"column":52},"end":{"line":305,"column":1}},"133":{"start":{"line":302,"column":4},"end":{"line":304,"column":null}},"134":{"start":{"line":299,"column":13},"end":{"line":299,"column":32}},"135":{"start":{"line":307,"column":29},"end":{"line":311,"column":1}},"136":{"start":{"line":307,"column":49},"end":{"line":311,"column":1}},"137":{"start":{"line":308,"column":16},"end":{"line":308,"column":53}},"138":{"start":{"line":310,"column":4},"end":{"line":310,"column":null}},"139":{"start":{"line":310,"column":106},"end":{"line":310,"column":140}},"140":{"start":{"line":307,"column":13},"end":{"line":307,"column":29}},"141":{"start":{"line":469,"column":18},"end":{"line":469,"column":42}},"142":{"start":{"line":470,"column":4},"end":{"line":470,"column":106}},"143":{"start":{"line":468,"column":0},"end":{"line":468,"column":16}},"144":{"start":{"line":480,"column":25},"end":{"line":503,"column":1}},"145":{"start":{"line":481,"column":20},"end":{"line":481,"column":48}},"146":{"start":{"line":482,"column":29},"end":{"line":482,"column":69}},"147":{"start":{"line":483,"column":25},"end":{"line":483,"column":66}},"148":{"start":{"line":484,"column":25},"end":{"line":484,"column":61}},"149":{"start":{"line":485,"column":27},"end":{"line":491,"column":null}},"150":{"start":{"line":493,"column":18},"end":{"line":500,"column":null}},"151":{"start":{"line":496,"column":37},"end":{"line":496,"column":64}},"152":{"start":{"line":497,"column":41},"end":{"line":497,"column":69}},"153":{"start":{"line":498,"column":45},"end":{"line":498,"column":75}},"154":{"start":{"line":499,"column":26},"end":{"line":499,"column":60}},"155":{"start":{"line":500,"column":38},"end":{"line":500,"column":49}},"156":{"start":{"line":502,"column":4},"end":{"line":502,"column":null}},"157":{"start":{"line":480,"column":13},"end":{"line":480,"column":25}}},"fnMap":{"0":{"name":"(anonymous_7)","decl":{"start":{"line":33,"column":22},"end":{"line":33,"column":23}},"loc":{"start":{"line":34,"column":23},"end":{"line":46,"column":1}}},"1":{"name":"(anonymous_8)","decl":{"start":{"line":38,"column":15},"end":{"line":38,"column":16}},"loc":{"start":{"line":39,"column":12},"end":{"line":42,"column":null}}},"2":{"name":"(anonymous_9)","decl":{"start":{"line":41,"column":23},"end":{"line":41,"column":24}},"loc":{"start":{"line":41,"column":44},"end":{"line":41,"column":59}}},"3":{"name":"(anonymous_10)","decl":{"start":{"line":42,"column":23},"end":{"line":42,"column":24}},"loc":{"start":{"line":42,"column":28},"end":{"line":42,"column":43}}},"4":{"name":"(anonymous_11)","decl":{"start":{"line":53,"column":33},"end":{"line":53,"column":34}},"loc":{"start":{"line":53,"column":65},"end":{"line":56,"column":1}}},"5":{"name":"(anonymous_12)","decl":{"start":{"line":55,"column":21},"end":{"line":55,"column":22}},"loc":{"start":{"line":55,"column":34},"end":{"line":55,"column":64}}},"6":{"name":"(anonymous_13)","decl":{"start":{"line":63,"column":26},"end":{"line":63,"column":27}},"loc":{"start":{"line":64,"column":4},"end":{"line":71,"column":null}}},"7":{"name":"(anonymous_14)","decl":{"start":{"line":69,"column":23},"end":{"line":69,"column":27}},"loc":{"start":{"line":69,"column":31},"end":{"line":69,"column":49}}},"8":{"name":"(anonymous_15)","decl":{"start":{"line":78,"column":29},"end":{"line":78,"column":30}},"loc":{"start":{"line":79,"column":4},"end":{"line":85,"column":null}}},"9":{"name":"(anonymous_16)","decl":{"start":{"line":83,"column":23},"end":{"line":83,"column":27}},"loc":{"start":{"line":83,"column":31},"end":{"line":83,"column":49}}},"10":{"name":"(anonymous_17)","decl":{"start":{"line":92,"column":36},"end":{"line":92,"column":37}},"loc":{"start":{"line":92,"column":49},"end":{"line":92,"column":71}}},"11":{"name":"(anonymous_18)","decl":{"start":{"line":93,"column":36},"end":{"line":93,"column":37}},"loc":{"start":{"line":93,"column":49},"end":{"line":93,"column":71}}},"12":{"name":"(anonymous_19)","decl":{"start":{"line":94,"column":36},"end":{"line":94,"column":37}},"loc":{"start":{"line":94,"column":49},"end":{"line":94,"column":71}}},"13":{"name":"(anonymous_20)","decl":{"start":{"line":99,"column":32},"end":{"line":99,"column":33}},"loc":{"start":{"line":100,"column":4},"end":{"line":100,"column":58}}},"14":{"name":"(anonymous_21)","decl":{"start":{"line":100,"column":33},"end":{"line":100,"column":34}},"loc":{"start":{"line":100,"column":45},"end":{"line":100,"column":52}}},"15":{"name":"(anonymous_22)","decl":{"start":{"line":112,"column":12},"end":{"line":112,"column":13}},"loc":{"start":{"line":113,"column":8},"end":{"line":122,"column":43}}},"16":{"name":"(anonymous_23)","decl":{"start":{"line":113,"column":16},"end":{"line":113,"column":17}},"loc":{"start":{"line":114,"column":12},"end":{"line":120,"column":null}}},"17":{"name":"(anonymous_24)","decl":{"start":{"line":117,"column":23},"end":{"line":117,"column":34}},"loc":{"start":{"line":117,"column":38},"end":{"line":117,"column":68}}},"18":{"name":"(anonymous_25)","decl":{"start":{"line":118,"column":23},"end":{"line":118,"column":24}},"loc":{"start":{"line":119,"column":20},"end":{"line":119,"column":94}}},"19":{"name":"(anonymous_26)","decl":{"start":{"line":129,"column":12},"end":{"line":129,"column":13}},"loc":{"start":{"line":130,"column":8},"end":{"line":139,"column":43}}},"20":{"name":"(anonymous_27)","decl":{"start":{"line":130,"column":16},"end":{"line":130,"column":17}},"loc":{"start":{"line":131,"column":12},"end":{"line":137,"column":null}}},"21":{"name":"(anonymous_28)","decl":{"start":{"line":134,"column":23},"end":{"line":134,"column":34}},"loc":{"start":{"line":134,"column":38},"end":{"line":134,"column":68}}},"22":{"name":"(anonymous_29)","decl":{"start":{"line":135,"column":23},"end":{"line":135,"column":24}},"loc":{"start":{"line":136,"column":20},"end":{"line":136,"column":94}}},"23":{"name":"(anonymous_30)","decl":{"start":{"line":143,"column":29},"end":{"line":143,"column":30}},"loc":{"start":{"line":144,"column":4},"end":{"line":144,"column":35}}},"24":{"name":"(anonymous_31)","decl":{"start":{"line":154,"column":38},"end":{"line":154,"column":39}},"loc":{"start":{"line":154,"column":68},"end":{"line":163,"column":1}}},"25":{"name":"(anonymous_32)","decl":{"start":{"line":158,"column":32},"end":{"line":158,"column":33}},"loc":{"start":{"line":158,"column":36},"end":{"line":162,"column":5}}},"26":{"name":"(anonymous_33)","decl":{"start":{"line":159,"column":38},"end":{"line":159,"column":42}},"loc":{"start":{"line":159,"column":46},"end":{"line":159,"column":78}}},"27":{"name":"(anonymous_34)","decl":{"start":{"line":194,"column":38},"end":{"line":194,"column":39}},"loc":{"start":{"line":195,"column":4},"end":{"line":202,"column":null}}},"28":{"name":"(anonymous_35)","decl":{"start":{"line":198,"column":12},"end":{"line":198,"column":13}},"loc":{"start":{"line":198,"column":23},"end":{"line":201,"column":13}}},"29":{"name":"(anonymous_36)","decl":{"start":{"line":212,"column":28},"end":{"line":212,"column":29}},"loc":{"start":{"line":212,"column":49},"end":{"line":213,"column":75}}},"30":{"name":"(anonymous_37)","decl":{"start":{"line":212,"column":49},"end":{"line":212,"column":50}},"loc":{"start":{"line":213,"column":4},"end":{"line":213,"column":75}}},"31":{"name":"(anonymous_38)","decl":{"start":{"line":213,"column":36},"end":{"line":213,"column":37}},"loc":{"start":{"line":213,"column":49},"end":{"line":213,"column":66}}},"32":{"name":"(anonymous_39)","decl":{"start":{"line":220,"column":24},"end":{"line":220,"column":25}},"loc":{"start":{"line":221,"column":4},"end":{"line":224,"column":6}}},"33":{"name":"(anonymous_40)","decl":{"start":{"line":221,"column":14},"end":{"line":221,"column":15}},"loc":{"start":{"line":221,"column":33},"end":{"line":224,"column":5}}},"34":{"name":"(anonymous_41)","decl":{"start":{"line":223,"column":29},"end":{"line":223,"column":30}},"loc":{"start":{"line":223,"column":34},"end":{"line":223,"column":40}}},"35":{"name":"(anonymous_42)","decl":{"start":{"line":240,"column":33},"end":{"line":240,"column":34}},"loc":{"start":{"line":240,"column":53},"end":{"line":248,"column":null}}},"36":{"name":"(anonymous_43)","decl":{"start":{"line":240,"column":53},"end":{"line":240,"column":null}},"loc":{"start":{"line":243,"column":4},"end":{"line":248,"column":null}}},"37":{"name":"(anonymous_44)","decl":{"start":{"line":246,"column":15},"end":{"line":246,"column":19}},"loc":{"start":{"line":247,"column":12},"end":{"line":247,"column":47}}},"38":{"name":"(anonymous_45)","decl":{"start":{"line":251,"column":38},"end":{"line":251,"column":39}},"loc":{"start":{"line":251,"column":58},"end":{"line":256,"column":null}}},"39":{"name":"(anonymous_46)","decl":{"start":{"line":251,"column":58},"end":{"line":251,"column":59}},"loc":{"start":{"line":251,"column":111},"end":{"line":256,"column":null}}},"40":{"name":"(anonymous_47)","decl":{"start":{"line":254,"column":11},"end":{"line":254,"column":14}},"loc":{"start":{"line":255,"column":8},"end":{"line":255,"column":50}}},"41":{"name":"(anonymous_48)","decl":{"start":{"line":259,"column":32},"end":{"line":259,"column":33}},"loc":{"start":{"line":259,"column":52},"end":{"line":264,"column":null}}},"42":{"name":"(anonymous_49)","decl":{"start":{"line":259,"column":52},"end":{"line":259,"column":53}},"loc":{"start":{"line":259,"column":105},"end":{"line":264,"column":null}}},"43":{"name":"(anonymous_50)","decl":{"start":{"line":262,"column":11},"end":{"line":262,"column":14}},"loc":{"start":{"line":263,"column":8},"end":{"line":263,"column":50}}},"44":{"name":"(anonymous_51)","decl":{"start":{"line":269,"column":29},"end":{"line":269,"column":30}},"loc":{"start":{"line":269,"column":49},"end":{"line":273,"column":1}}},"45":{"name":"(anonymous_52)","decl":{"start":{"line":269,"column":49},"end":{"line":269,"column":50}},"loc":{"start":{"line":269,"column":93},"end":{"line":273,"column":1}}},"46":{"name":"(anonymous_53)","decl":{"start":{"line":276,"column":31},"end":{"line":276,"column":32}},"loc":{"start":{"line":276,"column":51},"end":{"line":279,"column":80}}},"47":{"name":"(anonymous_54)","decl":{"start":{"line":276,"column":51},"end":{"line":276,"column":null}},"loc":{"start":{"line":279,"column":4},"end":{"line":279,"column":80}}},"48":{"name":"(anonymous_55)","decl":{"start":{"line":281,"column":28},"end":{"line":281,"column":29}},"loc":{"start":{"line":281,"column":48},"end":{"line":284,"column":1}}},"49":{"name":"(anonymous_56)","decl":{"start":{"line":281,"column":48},"end":{"line":281,"column":49}},"loc":{"start":{"line":281,"column":109},"end":{"line":284,"column":1}}},"50":{"name":"(anonymous_57)","decl":{"start":{"line":283,"column":90},"end":{"line":283,"column":93}},"loc":{"start":{"line":283,"column":97},"end":{"line":283,"column":119}}},"51":{"name":"(anonymous_58)","decl":{"start":{"line":287,"column":31},"end":{"line":287,"column":32}},"loc":{"start":{"line":287,"column":51},"end":{"line":290,"column":92}}},"52":{"name":"(anonymous_59)","decl":{"start":{"line":287,"column":51},"end":{"line":287,"column":null}},"loc":{"start":{"line":290,"column":4},"end":{"line":290,"column":92}}},"53":{"name":"(anonymous_60)","decl":{"start":{"line":292,"column":28},"end":{"line":292,"column":29}},"loc":{"start":{"line":292,"column":48},"end":{"line":296,"column":1}}},"54":{"name":"(anonymous_61)","decl":{"start":{"line":292,"column":48},"end":{"line":292,"column":49}},"loc":{"start":{"line":292,"column":126},"end":{"line":296,"column":1}}},"55":{"name":"(anonymous_62)","decl":{"start":{"line":295,"column":98},"end":{"line":295,"column":101}},"loc":{"start":{"line":295,"column":105},"end":{"line":295,"column":133}}},"56":{"name":"(anonymous_63)","decl":{"start":{"line":299,"column":32},"end":{"line":299,"column":33}},"loc":{"start":{"line":299,"column":52},"end":{"line":305,"column":1}}},"57":{"name":"(anonymous_64)","decl":{"start":{"line":299,"column":52},"end":{"line":299,"column":null}},"loc":{"start":{"line":301,"column":29},"end":{"line":305,"column":1}}},"58":{"name":"(anonymous_65)","decl":{"start":{"line":307,"column":29},"end":{"line":307,"column":30}},"loc":{"start":{"line":307,"column":49},"end":{"line":311,"column":1}}},"59":{"name":"(anonymous_66)","decl":{"start":{"line":307,"column":49},"end":{"line":307,"column":50}},"loc":{"start":{"line":307,"column":136},"end":{"line":311,"column":1}}},"60":{"name":"(anonymous_67)","decl":{"start":{"line":310,"column":99},"end":{"line":310,"column":102}},"loc":{"start":{"line":310,"column":106},"end":{"line":310,"column":140}}},"61":{"name":"checkIfWinningHand","decl":{"start":{"line":468,"column":16},"end":{"line":468,"column":34}},"loc":{"start":{"line":468,"column":60},"end":{"line":471,"column":1}}},"62":{"name":"(anonymous_69)","decl":{"start":{"line":480,"column":25},"end":{"line":480,"column":26}},"loc":{"start":{"line":480,"column":75},"end":{"line":503,"column":1}}},"63":{"name":"(anonymous_70)","decl":{"start":{"line":496,"column":16},"end":{"line":496,"column":17}},"loc":{"start":{"line":496,"column":37},"end":{"line":496,"column":64}}},"64":{"name":"(anonymous_71)","decl":{"start":{"line":497,"column":16},"end":{"line":497,"column":17}},"loc":{"start":{"line":497,"column":41},"end":{"line":497,"column":69}}},"65":{"name":"(anonymous_72)","decl":{"start":{"line":498,"column":16},"end":{"line":498,"column":17}},"loc":{"start":{"line":498,"column":45},"end":{"line":498,"column":75}}},"66":{"name":"(anonymous_73)","decl":{"start":{"line":499,"column":15},"end":{"line":499,"column":22}},"loc":{"start":{"line":499,"column":26},"end":{"line":499,"column":60}}},"67":{"name":"(anonymous_74)","decl":{"start":{"line":500,"column":15},"end":{"line":500,"column":16}},"loc":{"start":{"line":500,"column":38},"end":{"line":500,"column":49}}}},"branchMap":{"0":{"loc":{"start":{"line":35,"column":37},"end":{"line":35,"column":59}},"type":"cond-expr","locations":[{"start":{"line":35,"column":54},"end":{"line":35,"column":55}},{"start":{"line":35,"column":58},"end":{"line":35,"column":59}}]},"1":{"loc":{"start":{"line":55,"column":34},"end":{"line":55,"column":64}},"type":"binary-expr","locations":[{"start":{"line":55,"column":34},"end":{"line":55,"column":44}},{"start":{"line":55,"column":48},"end":{"line":55,"column":64}}]},"2":{"loc":{"start":{"line":160,"column":20},"end":{"line":160,"column":46}},"type":"cond-expr","locations":[{"start":{"line":160,"column":29},"end":{"line":160,"column":30}},{"start":{"line":160,"column":33},"end":{"line":160,"column":46}}]},"3":{"loc":{"start":{"line":199,"column":30},"end":{"line":199,"column":77}},"type":"cond-expr","locations":[{"start":{"line":199,"column":42},"end":{"line":199,"column":44}},{"start":{"line":199,"column":47},"end":{"line":199,"column":77}}]},"4":{"loc":{"start":{"line":272,"column":11},"end":{"line":272,"column":51}},"type":"cond-expr","locations":[{"start":{"line":272,"column":30},"end":{"line":272,"column":45}},{"start":{"line":272,"column":48},"end":{"line":272,"column":51}}]},"5":{"loc":{"start":{"line":279,"column":4},"end":{"line":279,"column":80}},"type":"cond-expr","locations":[{"start":{"line":279,"column":24},"end":{"line":279,"column":45}},{"start":{"line":279,"column":48},"end":{"line":279,"column":80}}]},"6":{"loc":{"start":{"line":283,"column":11},"end":{"line":283,"column":125}},"type":"cond-expr","locations":[{"start":{"line":283,"column":30},"end":{"line":283,"column":51}},{"start":{"line":283,"column":54},"end":{"line":283,"column":125}}]},"7":{"loc":{"start":{"line":290,"column":4},"end":{"line":290,"column":92}},"type":"cond-expr","locations":[{"start":{"line":290,"column":24},"end":{"line":290,"column":51}},{"start":{"line":290,"column":54},"end":{"line":290,"column":92}}]},"8":{"loc":{"start":{"line":295,"column":11},"end":{"line":295,"column":139}},"type":"cond-expr","locations":[{"start":{"line":295,"column":30},"end":{"line":295,"column":57}},{"start":{"line":295,"column":60},"end":{"line":295,"column":139}}]},"9":{"loc":{"start":{"line":302,"column":11},"end":{"line":304,"column":53}},"type":"cond-expr","locations":[{"start":{"line":303,"column":8},"end":{"line":303,"column":41}},{"start":{"line":304,"column":8},"end":{"line":304,"column":53}}]},"10":{"loc":{"start":{"line":302,"column":11},"end":{"line":302,"column":61}},"type":"binary-expr","locations":[{"start":{"line":302,"column":11},"end":{"line":302,"column":28}},{"start":{"line":302,"column":32},"end":{"line":302,"column":61}}]},"11":{"loc":{"start":{"line":310,"column":11},"end":{"line":310,"column":146}},"type":"cond-expr","locations":[{"start":{"line":310,"column":30},"end":{"line":310,"column":63}},{"start":{"line":310,"column":66},"end":{"line":310,"column":146}}]},"12":{"loc":{"start":{"line":470,"column":11},"end":{"line":470,"column":105}},"type":"cond-expr","locations":[{"start":{"line":470,"column":46},"end":{"line":470,"column":63}},{"start":{"line":470,"column":66},"end":{"line":470,"column":105}}]},"13":{"loc":{"start":{"line":470,"column":12},"end":{"line":470,"column":42}},"type":"binary-expr","locations":[{"start":{"line":470,"column":12},"end":{"line":470,"column":17}},{"start":{"line":470,"column":21},"end":{"line":470,"column":42}}]}},"s":{"0":2,"1":2,"2":2,"3":2,"4":2,"5":2,"6":2,"7":2,"8":2,"9":2,"10":2,"11":2,"12":2,"13":2,"14":2,"15":2,"16":24,"17":24,"18":264,"19":1040,"20":1040,"21":2,"22":2,"23":104,"24":104,"25":416,"26":2,"27":2,"28":26,"29":312,"30":2,"31":2,"32":26,"33":104,"34":2,"35":2,"36":8,"37":2,"38":8,"39":2,"40":8,"41":2,"42":2,"43":1128,"44":59784,"45":2,"46":2,"47":2,"48":2,"49":264,"50":776,"51":4208,"52":4208,"53":2,"54":130,"55":286,"56":988,"57":988,"58":2,"59":15920,"60":2,"61":2,"62":2,"63":15920,"64":15920,"65":15920,"66":15920,"67":843760,"68":2637506,"69":843760,"70":843760,"71":2,"72":2,"73":2,"74":2,"75":2,"76":2,"77":2,"78":6290,"79":286730,"80":286730,"81":2,"82":2,"83":2,"84":118024,"85":118024,"86":6255272,"87":2,"88":2,"89":832,"90":116364,"91":116364,"92":3434510,"93":2,"94":8,"95":4,"96":4,"97":2,"98":4,"99":4,"100":144,"101":2,"102":816,"103":816,"104":1512,"105":2,"106":4,"107":4,"108":4,"109":4,"110":2,"111":2,"112":6,"113":6,"114":2,"115":2,"116":4,"117":4,"118":4,"119":144,"120":2,"121":2,"122":146,"123":146,"124":2,"125":2,"126":144,"127":144,"128":144,"129":1128,"130":2,"131":2,"132":1130,"133":1130,"134":2,"135":2,"136":672,"137":672,"138":672,"139":384,"140":2,"141":2,"142":2,"143":2,"144":2,"145":4,"146":4,"147":4,"148":4,"149":4,"150":4,"151":6,"152":146,"153":1130,"154":1258,"155":1254,"156":4,"157":2},"f":{"0":24,"1":264,"2":1040,"3":1040,"4":104,"5":416,"6":26,"7":312,"8":26,"9":104,"10":8,"11":8,"12":8,"13":1128,"14":59784,"15":264,"16":776,"17":4208,"18":4208,"19":130,"20":286,"21":988,"22":988,"23":15920,"24":15920,"25":843760,"26":2637506,"27":6290,"28":286730,"29":118024,"30":118024,"31":6255272,"32":832,"33":116364,"34":3434510,"35":8,"36":4,"37":4,"38":4,"39":4,"40":144,"41":816,"42":816,"43":1512,"44":4,"45":4,"46":6,"47":6,"48":4,"49":4,"50":144,"51":146,"52":146,"53":144,"54":144,"55":1128,"56":1130,"57":1130,"58":672,"59":672,"60":384,"61":2,"62":4,"63":6,"64":146,"65":1130,"66":1258,"67":1254},"b":{"0":[24,0],"1":[416,312],"2":[792810,50950],"3":[272274,14456],"4":[2,2],"5":[2,4],"6":[0,4],"7":[2,144],"8":[0,144],"9":[458,672],"10":[1130,1128],"11":[416,256],"12":[1,1],"13":[2,2]}}
,"/Users/murali/proj/js/rummy-core/src/types.ts": {"path":"/Users/murali/proj/js/rummy-core/src/types.ts","statementMap":{"0":{"start":{"line":4,"column":0},"end":{"line":4,"column":null}},"1":{"start":{"line":5,"column":4},"end":{"line":5,"column":null}},"2":{"start":{"line":6,"column":4},"end":{"line":6,"column":null}},"3":{"start":{"line":7,"column":4},"end":{"line":7,"column":null}},"4":{"start":{"line":8,"column":4},"end":{"line":8,"column":null}},"5":{"start":{"line":9,"column":4},"end":{"line":9,"column":null}},"6":{"start":{"line":12,"column":0},"end":{"line":12,"column":null}},"7":{"start":{"line":13,"column":4},"end":{"line":13,"column":null}},"8":{"start":{"line":14,"column":4},"end":{"line":14,"column":null}},"9":{"start":{"line":15,"column":4},"end":{"line":15,"column":null}},"10":{"start":{"line":16,"column":4},"end":{"line":16,"column":null}},"11":{"start":{"line":17,"column":4},"end":{"line":17,"column":null}},"12":{"start":{"line":18,"column":4},"end":{"line":18,"column":null}},"13":{"start":{"line":19,"column":4},"end":{"line":19,"column":null}},"14":{"start":{"line":20,"column":4},"end":{"line":20,"column":null}},"15":{"start":{"line":21,"column":4},"end":{"line":21,"column":null}},"16":{"start":{"line":22,"column":4},"end":{"line":22,"column":null}},"17":{"start":{"line":23,"column":4},"end":{"line":23,"column":null}},"18":{"start":{"line":24,"column":4},"end":{"line":24,"column":null}},"19":{"start":{"line":25,"column":4},"end":{"line":25,"column":null}},"20":{"start":{"line":26,"column":4},"end":{"line":26,"column":null}},"21":{"start":{"line":29,"column":0},"end":{"line":29,"column":null}},"22":{"start":{"line":30,"column":4},"end":{"line":30,"column":null}},"23":{"start":{"line":31,"column":4},"end":{"line":31,"column":null}},"24":{"start":{"line":32,"column":4},"end":{"line":32,"column":null}},"25":{"start":{"line":33,"column":4},"end":{"line":33,"column":null}},"26":{"start":{"line":34,"column":4},"end":{"line":34,"column":null}},"27":{"start":{"line":37,"column":0},"end":{"line":37,"column":null}},"28":{"start":{"line":38,"column":4},"end":{"line":38,"column":null}},"29":{"start":{"line":39,"column":4},"end":{"line":39,"column":null}},"30":{"start":{"line":40,"column":4},"end":{"line":40,"column":null}},"31":{"start":{"line":41,"column":4},"end":{"line":41,"column":null}},"32":{"start":{"line":42,"column":4},"end":{"line":42,"column":null}},"33":{"start":{"line":43,"column":4},"end":{"line":43,"column":null}},"34":{"start":{"line":44,"column":4},"end":{"line":44,"column":null}},"35":{"start":{"line":128,"column":0},"end":{"line":128,"column":null}},"36":{"start":{"line":129,"column":4},"end":{"line":129,"column":null}},"37":{"start":{"line":130,"column":4},"end":{"line":130,"column":null}}},"fnMap":{"0":{"name":"(anonymous_0)","decl":{"start":{"line":4,"column":0},"end":{"line":4,"column":12}},"loc":{"start":{"line":4,"column":16},"end":{"line":10,"column":1}}},"1":{"name":"(anonymous_1)","decl":{"start":{"line":12,"column":0},"end":{"line":12,"column":12}},"loc":{"start":{"line":12,"column":16},"end":{"line":27,"column":1}}},"2":{"name":"(anonymous_2)","decl":{"start":{"line":29,"column":0},"end":{"line":29,"column":12}},"loc":{"start":{"line":29,"column":24},"end":{"line":35,"column":1}}},"3":{"name":"(anonymous_3)","decl":{"start":{"line":37,"column":0},"end":{"line":37,"column":12}},"loc":{"start":{"line":37,"column":20},"end":{"line":45,"column":1}}},"4":{"name":"(anonymous_4)","decl":{"start":{"line":128,"column":0},"end":{"line":128,"column":12}},"loc":{"start":{"line":128,"column":21},"end":{"line":131,"column":1}}}},"branchMap":{"0":{"loc":{"start":{"line":4,"column":12},"end":{"line":4,"column":null}},"type":"binary-expr","locations":[{"start":{"line":4,"column":12},"end":{"line":4,"column":16}},{"start":{"line":4,"column":12},"end":{"line":4,"column":null}}]},"1":{"loc":{"start":{"line":12,"column":12},"end":{"line":12,"column":null}},"type":"binary-expr","locations":[{"start":{"line":12,"column":12},"end":{"line":12,"column":16}},{"start":{"line":12,"column":12},"end":{"line":12,"column":null}}]},"2":{"loc":{"start":{"line":29,"column":12},"end":{"line":29,"column":null}},"type":"binary-expr","locations":[{"start":{"line":29,"column":12},"end":{"line":29,"column":24}},{"start":{"line":29,"column":12},"end":{"line":29,"column":null}}]},"3":{"loc":{"start":{"line":37,"column":12},"end":{"line":37,"column":null}},"type":"binary-expr","locations":[{"start":{"line":37,"column":12},"end":{"line":37,"column":20}},{"start":{"line":37,"column":12},"end":{"line":37,"column":null}}]},"4":{"loc":{"start":{"line":128,"column":12},"end":{"line":128,"column":null}},"type":"binary-expr","locations":[{"start":{"line":128,"column":12},"end":{"line":128,"column":21}},{"start":{"line":128,"column":12},"end":{"line":128,"column":null}}]}},"s":{"0":3,"1":3,"2":3,"3":3,"4":3,"5":3,"6":3,"7":3,"8":3,"9":3,"10":3,"11":3,"12":3,"13":3,"14":3,"15":3,"16":3,"17":3,"18":3,"19":3,"20":3,"21":3,"22":3,"23":3,"24":3,"25":3,"26":3,"27":3,"28":3,"29":3,"30":3,"31":3,"32":3,"33":3,"34":3,"35":3,"36":3,"37":3},"f":{"0":3,"1":3,"2":3,"3":3,"4":3},"b":{"0":[3,3],"1":[3,3],"2":[3,3],"3":[3,3],"4":[3,3]}}
,"/Users/murali/proj/js/rummy-core/src/util.ts": {"path":"/Users/murali/proj/js/rummy-core/src/util.ts","statementMap":{"0":{"start":{"line":1,"column":0},"end":{"line":1,"column":27}},"1":{"start":{"line":6,"column":13},"end":{"line":6,"column":74}},"2":{"start":{"line":6,"column":59},"end":{"line":6,"column":69}},"3":{"start":{"line":15,"column":4},"end":{"line":15,"column":65}},"4":{"start":{"line":15,"column":50},"end":{"line":15,"column":62}},"5":{"start":{"line":14,"column":0},"end":{"line":14,"column":16}},"6":{"start":{"line":24,"column":4},"end":{"line":24,"column":44}},"7":{"start":{"line":23,"column":0},"end":{"line":23,"column":16}},"8":{"start":{"line":33,"column":4},"end":{"line":33,"column":44}},"9":{"start":{"line":32,"column":0},"end":{"line":32,"column":16}},"10":{"start":{"line":41,"column":4},"end":{"line":41,"column":55}},"11":{"start":{"line":40,"column":0},"end":{"line":40,"column":16}}},"fnMap":{"0":{"name":"(anonymous_6)","decl":{"start":{"line":6,"column":28},"end":{"line":6,"column":29}},"loc":{"start":{"line":6,"column":59},"end":{"line":6,"column":69}}},"1":{"name":"setDiff","decl":{"start":{"line":14,"column":16},"end":{"line":14,"column":23}},"loc":{"start":{"line":14,"column":63},"end":{"line":16,"column":1}}},"2":{"name":"(anonymous_8)","decl":{"start":{"line":15,"column":40},"end":{"line":15,"column":41}},"loc":{"start":{"line":15,"column":50},"end":{"line":15,"column":62}}},"3":{"name":"hasDuplicates","decl":{"start":{"line":23,"column":16},"end":{"line":23,"column":29}},"loc":{"start":{"line":23,"column":53},"end":{"line":25,"column":1}}},"4":{"name":"hasDistinctElems","decl":{"start":{"line":32,"column":16},"end":{"line":32,"column":32}},"loc":{"start":{"line":32,"column":56},"end":{"line":34,"column":1}}},"5":{"name":"allElemsSame","decl":{"start":{"line":40,"column":16},"end":{"line":40,"column":28}},"loc":{"start":{"line":40,"column":52},"end":{"line":42,"column":1}}}},"branchMap":{"0":{"loc":{"start":{"line":41,"column":11},"end":{"line":41,"column":54}},"type":"binary-expr","locations":[{"start":{"line":41,"column":11},"end":{"line":41,"column":27}},{"start":{"line":41,"column":31},"end":{"line":41,"column":54}}]}},"s":{"0":3,"1":3,"2":2098,"3":2,"4":6,"5":3,"6":1,"7":3,"8":2,"9":3,"10":2,"11":3},"f":{"0":2098,"1":2,"2":6,"3":1,"4":2,"5":2},"b":{"0":[2,2]}}
}
