TN:
SF:src/card.ts
FN:19,(anonymous_6)
FN:19,(anonymous_7)
FN:25,(anonymous_8)
FN:31,(anonymous_9)
FN:37,(anonymous_10)
FN:37,(anonymous_11)
FN:42,(anonymous_12)
FN:47,(anonymous_13)
FN:47,(anonymous_14)
FN:52,(anonymous_15)
FN:55,(anonymous_16)
FN:55,(anonymous_17)
FN:63,(anonymous_18)
FN:73,getRandomCard
FN:76,(anonymous_20)
FN:76,(anonymous_21)
FN:90,strToCard
FN:96,mkCard
FN:98,cardToJSON
FN:112,pointsOfCard
FN:117,getSuitCards
FN:125,(anonymous_27)
FN:125,(anonymous_28)
FN:134,(anonymous_29)
FN:135,(anonymous_30)
FN:138,(anonymous_31)
FN:143,(anonymous_32)
FN:145,(anonymous_33)
FN:147,(anonymous_34)
FN:161,(anonymous_35)
FN:168,(anonymous_36)
FN:173,(anonymous_37)
FNF:32
FNH:31
FNDA:3,(anonymous_6)
FNDA:3,(anonymous_7)
FNDA:1481,(anonymous_8)
FNDA:167,(anonymous_9)
FNDA:167,(anonymous_10)
FNDA:835,(anonymous_11)
FNDA:11,(anonymous_12)
FNDA:11,(anonymous_13)
FNDA:154,(anonymous_14)
FNDA:5,(anonymous_15)
FNDA:20,(anonymous_16)
FNDA:260,(anonymous_17)
FNDA:3,(anonymous_18)
FNDA:1,getRandomCard
FNDA:1,(anonymous_20)
FNDA:1,(anonymous_21)
FNDA:2644267,strToCard
FNDA:6696,mkCard
FNDA:67670,cardToJSON
FNDA:2095,pointsOfCard
FNDA:2,getSuitCards
FNDA:13,(anonymous_27)
FNDA:14,(anonymous_28)
FNDA:1,(anonymous_29)
FNDA:52,(anonymous_30)
FNDA:52,(anonymous_31)
FNDA:1,(anonymous_32)
FNDA:52,(anonymous_33)
FNDA:230,(anonymous_34)
FNDA:1,(anonymous_35)
FNDA:2639604,(anonymous_36)
FNDA:0,(anonymous_37)
DA:2,3
DA:3,3
DA:4,3
DA:5,3
DA:6,3
DA:9,3
DA:10,3
DA:19,3
DA:25,3
DA:26,1481
DA:31,167
DA:37,835
DA:42,11
DA:47,154
DA:52,3
DA:53,5
DA:54,5
DA:55,260
DA:56,5
DA:63,3
DA:64,3
DA:65,3
DA:73,3
DA:74,1
DA:75,1
DA:76,1
DA:78,1
DA:90,3
DA:92,2644267
DA:94,3
DA:96,6696
DA:98,3
DA:99,67670
DA:102,3
DA:104,3
DA:112,3
DA:113,2095
DA:117,3
DA:118,2
DA:125,14
DA:134,3
DA:135,1
DA:136,52
DA:138,52
DA:141,1
DA:142,1
DA:144,1
DA:145,52
DA:147,230
DA:161,3
DA:162,1
DA:163,1
DA:168,3
DA:169,2639604
DA:173,3
LF:55
LH:55
BRDA:19,0,0,3
BRDA:19,0,1,2
BRDA:26,1,0,1
BRDA:26,1,1,1480
BRDA:56,2,0,3
BRDA:56,2,1,2
BRDA:113,3,0,147
BRDA:113,3,1,1948
BRDA:113,4,0,468
BRDA:113,4,1,1480
BRDA:118,5,0,1
BRDA:118,5,1,1
BRDA:169,6,0,2639604
BRDA:169,6,1,458479
BRF:14
BRH:14
end_of_record
TN:
SF:src/combinatorics.ts
FN:12,range
FN:15,last
FN:16,numericCombinations
FN:24,combinations
FN:25,(anonymous_4)
FN:28,numericCartesianProduct
FN:29,(anonymous_6)
FN:47,cartesianProduct
FN:48,(anonymous_8)
FN:49,(anonymous_9)
FN:53,permutations
FN:56,(anonymous_11)
FNF:12
FNH:12
FNDA:4134,range
FNDA:3072,last
FNDA:9330,numericCombinations
FNDA:1062,combinations
FNDA:10992,(anonymous_4)
FNDA:2,numericCartesianProduct
FNDA:4,(anonymous_6)
FNDA:1,cartesianProduct
FNDA:2,(anonymous_8)
FNDA:8,(anonymous_9)
FNDA:65,permutations
FNDA:124,(anonymous_11)
DA:13,8268
DA:15,3072
DA:16,3
DA:17,9330
DA:18,9330
DA:19,5196
DA:20,5196
DA:22,8268
DA:24,3
DA:25,10992
DA:28,3
DA:29,4
DA:30,2
DA:31,2
DA:32,10
DA:33,10
DA:34,10
DA:35,15
DA:36,15
DA:37,7
DA:38,7
DA:40,8
DA:41,8
DA:47,3
DA:48,2
DA:49,8
DA:53,3
DA:54,65
DA:55,65
DA:56,124
LF:30
LH:30
BRDA:16,0,0,1062
BRDA:18,1,0,5196
BRDA:22,2,0,3072
BRDA:22,2,1,1062
BRDA:36,3,0,7
BRDA:36,3,1,8
BRDA:53,4,0,1
BRDA:53,5,0,1
BRDA:54,6,0,24
BRF:9
BRH:9
end_of_record
TN:
SF:src/meld.ts
FN:42,cardsInSequence
FN:43,(anonymous_8)
FN:53,cardsInTriplet
FN:54,(anonymous_10)
FN:56,(anonymous_11)
FN:56,(anonymous_12)
FN:63,mkLife
FN:64,(anonymous_14)
FN:70,mkSequence
FN:74,(anonymous_16)
FN:81,mkTriplet
FN:85,(anonymous_18)
FN:88,(anonymous_19)
FN:90,(anonymous_20)
FN:91,(anonymous_21)
FN:92,(anonymous_22)
FN:95,mkMeldFromSetVecs
FN:109,(anonymous_24)
FN:115,(anonymous_25)
FN:117,(anonymous_26)
FN:122,(anonymous_27)
FN:124,(anonymous_28)
FN:132,(anonymous_29)
FN:142,(anonymous_30)
FN:143,(anonymous_31)
FN:152,(anonymous_32)
FN:153,(anonymous_33)
FN:163,(anonymous_34)
FN:164,(anonymous_35)
FN:169,(anonymous_36)
FN:186,mkWinningHand
FN:191,(anonymous_38)
FN:192,(anonymous_39)
FN:194,(anonymous_40)
FN:200,(anonymous_41)
FN:204,(anonymous_42)
FN:209,(anonymous_43)
FN:209,(anonymous_44)
FN:210,(anonymous_45)
FN:210,(anonymous_46)
FN:211,(anonymous_47)
FN:211,(anonymous_48)
FN:212,(anonymous_49)
FN:213,(anonymous_50)
FN:214,(anonymous_51)
FN:215,(anonymous_52)
FN:217,(anonymous_53)
FN:230,enumerateMeldedHand
FN:257,(anonymous_55)
FN:262,(anonymous_56)
FN:267,(anonymous_57)
FN:267,(anonymous_58)
FN:277,computePointsGamePlayer
FN:296,meldedHandMatchesHand
FNF:54
FNH:49
FNDA:2,cardsInSequence
FNDA:8,(anonymous_8)
FNDA:2,cardsInTriplet
FNDA:7,(anonymous_10)
FNDA:2899,(anonymous_11)
FNDA:9261,(anonymous_12)
FNDA:1256,mkLife
FNDA:3768,(anonymous_14)
FNDA:1354,mkSequence
FNDA:3054,(anonymous_16)
FNDA:1545,mkTriplet
FNDA:3839,(anonymous_18)
FNDA:5032,(anonymous_19)
FNDA:10296,(anonymous_20)
FNDA:10296,(anonymous_21)
FNDA:5032,(anonymous_22)
FNDA:1258,mkMeldFromSetVecs
FNDA:2516,(anonymous_24)
FNDA:2230,(anonymous_25)
FNDA:1352,(anonymous_26)
FNDA:1544,(anonymous_27)
FNDA:1544,(anonymous_28)
FNDA:1,(anonymous_29)
FNDA:2,(anonymous_30)
FNDA:8,(anonymous_31)
FNDA:1,(anonymous_32)
FNDA:3,(anonymous_33)
FNDA:2,(anonymous_34)
FNDA:7,(anonymous_35)
FNDA:2,(anonymous_36)
FNDA:1,mkWinningHand
FNDA:2,(anonymous_38)
FNDA:1,(anonymous_39)
FNDA:3,(anonymous_40)
FNDA:2,(anonymous_41)
FNDA:1,(anonymous_42)
FNDA:1,(anonymous_43)
FNDA:0,(anonymous_44)
FNDA:1,(anonymous_45)
FNDA:0,(anonymous_46)
FNDA:1,(anonymous_47)
FNDA:1,(anonymous_48)
FNDA:0,(anonymous_49)
FNDA:1,(anonymous_50)
FNDA:1,(anonymous_51)
FNDA:1,(anonymous_52)
FNDA:2,(anonymous_53)
FNDA:1,enumerateMeldedHand
FNDA:1259,(anonymous_55)
FNDA:2095,(anonymous_56)
FNDA:1259,(anonymous_57)
FNDA:1259,(anonymous_58)
FNDA:0,computePointsGamePlayer
FNDA:0,meldedHandMatchesHand
DA:1,2
DA:2,2
DA:17,2
DA:18,2
DA:24,2
DA:25,2
DA:26,2
DA:27,2
DA:28,2
DA:29,2
DA:31,2
DA:34,2
DA:35,2
DA:42,2
DA:43,8
DA:53,2
DA:54,7
DA:56,2899
DA:57,9261
DA:63,2
DA:64,3768
DA:70,2
DA:71,1354
DA:72,1354
DA:73,1354
DA:74,3054
DA:81,2
DA:82,1545
DA:83,1545
DA:84,1545
DA:85,3839
DA:88,5032
DA:90,10296
DA:91,10296
DA:92,5032
DA:95,2
DA:103,1258
DA:104,1258
DA:105,1258
DA:106,1258
DA:109,2516
DA:111,1258
DA:112,1258
DA:113,1258
DA:115,2230
DA:117,1352
DA:120,1258
DA:122,1544
DA:124,1544
DA:127,1258
DA:128,1258
DA:129,1258
DA:130,1258
DA:132,2
DA:133,1
DA:134,1
DA:135,1
DA:142,2
DA:143,8
DA:144,2
DA:152,2
DA:153,3
DA:154,1
DA:155,1
DA:163,2
DA:164,7
DA:165,2
DA:166,2
DA:169,2
DA:170,2
DA:171,2
DA:172,2
DA:173,2
DA:178,2
DA:186,2
DA:191,2
DA:192,1
DA:194,1
DA:195,3
DA:197,1
DA:200,2
DA:204,1
DA:207,1
DA:209,1
DA:210,1
DA:211,1
DA:212,0
DA:213,1
DA:214,1
DA:215,1
DA:217,2
DA:230,2
DA:231,1
DA:238,1
DA:239,1
DA:242,1
DA:245,1
DA:257,2
DA:258,1259
DA:262,2095
DA:267,1259
DA:268,1259
DA:277,2
DA:279,0
DA:283,0
DA:296,2
DA:300,0
LF:107
LH:103
BRDA:57,0,0,9261
BRDA:57,0,1,2368
BRDA:57,0,2,6893
BRDA:112,1,0,2
BRDA:112,1,1,1256
BRDA:170,2,0,2
BRDA:170,2,1,0
BRDA:195,3,0,2
BRDA:195,3,1,1
BRDA:233,4,0,1
BRDA:233,4,1,0
BRDA:233,5,0,1
BRDA:233,5,1,1
BRDA:234,6,0,1
BRDA:234,6,1,0
BRDA:234,7,0,1
BRDA:234,7,1,1
BRDA:238,8,0,1
BRDA:238,8,1,0
BRDA:240,9,0,1
BRDA:240,9,1,0
BRDA:240,10,0,1
BRDA:240,10,1,1
BRDA:243,11,0,1
BRDA:243,11,1,0
BRDA:243,12,0,1
BRDA:243,12,1,1
BRDA:246,13,0,1
BRDA:246,13,1,0
BRDA:247,14,0,0
BRDA:247,14,1,1
BRDA:283,15,0,0
BRDA:283,15,1,0
BRF:33
BRH:23
end_of_record
TN:
SF:src/solving.ts
FN:33,(anonymous_7)
FN:38,(anonymous_8)
FN:41,(anonymous_9)
FN:42,(anonymous_10)
FN:53,(anonymous_11)
FN:55,(anonymous_12)
FN:63,(anonymous_13)
FN:69,(anonymous_14)
FN:78,(anonymous_15)
FN:83,(anonymous_16)
FN:92,(anonymous_17)
FN:93,(anonymous_18)
FN:94,(anonymous_19)
FN:99,(anonymous_20)
FN:100,(anonymous_21)
FN:112,(anonymous_22)
FN:113,(anonymous_23)
FN:117,(anonymous_24)
FN:118,(anonymous_25)
FN:129,(anonymous_26)
FN:130,(anonymous_27)
FN:134,(anonymous_28)
FN:135,(anonymous_29)
FN:143,(anonymous_30)
FN:154,(anonymous_31)
FN:158,(anonymous_32)
FN:159,(anonymous_33)
FN:194,(anonymous_34)
FN:198,(anonymous_35)
FN:212,(anonymous_36)
FN:212,(anonymous_37)
FN:213,(anonymous_38)
FN:220,(anonymous_39)
FN:221,(anonymous_40)
FN:223,(anonymous_41)
FN:240,(anonymous_42)
FN:240,(anonymous_43)
FN:246,(anonymous_44)
FN:251,(anonymous_45)
FN:251,(anonymous_46)
FN:254,(anonymous_47)
FN:259,(anonymous_48)
FN:259,(anonymous_49)
FN:262,(anonymous_50)
FN:269,(anonymous_51)
FN:269,(anonymous_52)
FN:276,(anonymous_53)
FN:276,(anonymous_54)
FN:281,(anonymous_55)
FN:281,(anonymous_56)
FN:283,(anonymous_57)
FN:287,(anonymous_58)
FN:287,(anonymous_59)
FN:292,(anonymous_60)
FN:292,(anonymous_61)
FN:295,(anonymous_62)
FN:299,(anonymous_63)
FN:299,(anonymous_64)
FN:307,(anonymous_65)
FN:307,(anonymous_66)
FN:310,(anonymous_67)
FN:468,checkIfWinningHand
FN:480,(anonymous_69)
FN:496,(anonymous_70)
FN:497,(anonymous_71)
FN:498,(anonymous_72)
FN:499,(anonymous_73)
FN:500,(anonymous_74)
FNF:68
FNH:68
FNDA:24,(anonymous_7)
FNDA:264,(anonymous_8)
FNDA:1040,(anonymous_9)
FNDA:1040,(anonymous_10)
FNDA:104,(anonymous_11)
FNDA:416,(anonymous_12)
FNDA:26,(anonymous_13)
FNDA:312,(anonymous_14)
FNDA:26,(anonymous_15)
FNDA:104,(anonymous_16)
FNDA:8,(anonymous_17)
FNDA:8,(anonymous_18)
FNDA:8,(anonymous_19)
FNDA:1128,(anonymous_20)
FNDA:59784,(anonymous_21)
FNDA:264,(anonymous_22)
FNDA:776,(anonymous_23)
FNDA:4208,(anonymous_24)
FNDA:4208,(anonymous_25)
FNDA:130,(anonymous_26)
FNDA:286,(anonymous_27)
FNDA:988,(anonymous_28)
FNDA:988,(anonymous_29)
FNDA:15920,(anonymous_30)
FNDA:15920,(anonymous_31)
FNDA:843760,(anonymous_32)
FNDA:2637506,(anonymous_33)
FNDA:6290,(anonymous_34)
FNDA:286730,(anonymous_35)
FNDA:118024,(anonymous_36)
FNDA:118024,(anonymous_37)
FNDA:6255272,(anonymous_38)
FNDA:832,(anonymous_39)
FNDA:116364,(anonymous_40)
FNDA:3434510,(anonymous_41)
FNDA:8,(anonymous_42)
FNDA:4,(anonymous_43)
FNDA:4,(anonymous_44)
FNDA:4,(anonymous_45)
FNDA:4,(anonymous_46)
FNDA:144,(anonymous_47)
FNDA:816,(anonymous_48)
FNDA:816,(anonymous_49)
FNDA:1512,(anonymous_50)
FNDA:4,(anonymous_51)
FNDA:4,(anonymous_52)
FNDA:6,(anonymous_53)
FNDA:6,(anonymous_54)
FNDA:4,(anonymous_55)
FNDA:4,(anonymous_56)
FNDA:144,(anonymous_57)
FNDA:146,(anonymous_58)
FNDA:146,(anonymous_59)
FNDA:144,(anonymous_60)
FNDA:144,(anonymous_61)
FNDA:1128,(anonymous_62)
FNDA:1130,(anonymous_63)
FNDA:1130,(anonymous_64)
FNDA:672,(anonymous_65)
FNDA:672,(anonymous_66)
FNDA:384,(anonymous_67)
FNDA:2,checkIfWinningHand
FNDA:4,(anonymous_69)
FNDA:6,(anonymous_70)
FNDA:146,(anonymous_71)
FNDA:1130,(anonymous_72)
FNDA:1258,(anonymous_73)
FNDA:1254,(anonymous_74)
DA:9,2
DA:10,2
DA:11,2
DA:12,2
DA:13,2
DA:14,2
DA:15,2
DA:16,2
DA:17,2
DA:18,2
DA:20,2
DA:25,2
DA:26,2
DA:28,2
DA:29,2
DA:33,2
DA:35,24
DA:36,24
DA:39,264
DA:41,1040
DA:42,1040
DA:53,2
DA:54,104
DA:55,416
DA:63,2
DA:64,26
DA:69,312
DA:78,2
DA:79,26
DA:83,104
DA:92,8
DA:93,8
DA:94,8
DA:95,2
DA:99,2
DA:100,59784
DA:102,2
DA:104,2
DA:109,2
DA:113,264
DA:114,776
DA:117,4208
DA:119,4208
DA:126,2
DA:130,130
DA:131,286
DA:134,988
DA:136,988
DA:143,2
DA:144,15920
DA:147,2
DA:154,2
DA:155,15920
DA:156,15920
DA:157,15920
DA:158,15920
DA:159,2637506
DA:160,843760
DA:161,843760
DA:165,2
DA:166,2
DA:167,2
DA:171,2
DA:175,2
DA:194,2
DA:195,6290
DA:199,286730
DA:200,286730
DA:204,2
DA:212,118024
DA:213,6255272
DA:220,2
DA:221,832
DA:222,116364
DA:223,3434510
DA:240,8
DA:243,4
DA:247,4
DA:251,4
DA:255,144
DA:259,816
DA:263,1512
DA:269,4
DA:270,4
DA:271,4
DA:272,4
DA:276,6
DA:279,6
DA:281,4
DA:282,4
DA:283,144
DA:287,146
DA:290,146
DA:292,144
DA:293,144
DA:295,1128
DA:299,1130
DA:302,1130
DA:307,672
DA:308,672
DA:310,672
DA:468,2
DA:469,2
DA:470,2
DA:480,2
DA:481,4
DA:482,4
DA:483,4
DA:484,4
DA:485,4
DA:493,4
DA:496,6
DA:497,146
DA:498,1130
DA:499,1258
DA:500,1254
DA:502,4
LF:117
LH:117
BRDA:35,0,0,24
BRDA:35,0,1,0
BRDA:55,1,0,416
BRDA:55,1,1,312
BRDA:160,2,0,792810
BRDA:160,2,1,50950
BRDA:199,3,0,272274
BRDA:199,3,1,14456
BRDA:272,4,0,2
BRDA:272,4,1,2
BRDA:279,5,0,2
BRDA:279,5,1,4
BRDA:283,6,0,0
BRDA:283,6,1,4
BRDA:290,7,0,2
BRDA:290,7,1,144
BRDA:295,8,0,0
BRDA:295,8,1,144
BRDA:302,9,0,458
BRDA:302,9,1,672
BRDA:302,10,0,1130
BRDA:302,10,1,1128
BRDA:310,11,0,416
BRDA:310,11,1,256
BRDA:470,12,0,1
BRDA:470,12,1,1
BRDA:470,13,0,2
BRDA:470,13,1,2
BRF:28
BRH:25
end_of_record
TN:
SF:src/types.ts
FN:4,(anonymous_0)
FN:12,(anonymous_1)
FN:29,(anonymous_2)
FN:37,(anonymous_3)
FN:128,(anonymous_4)
FNF:5
FNH:5
FNDA:3,(anonymous_0)
FNDA:3,(anonymous_1)
FNDA:3,(anonymous_2)
FNDA:3,(anonymous_3)
FNDA:3,(anonymous_4)
DA:4,3
DA:5,3
DA:6,3
DA:7,3
DA:8,3
DA:9,3
DA:12,3
DA:13,3
DA:14,3
DA:15,3
DA:16,3
DA:17,3
DA:18,3
DA:19,3
DA:20,3
DA:21,3
DA:22,3
DA:23,3
DA:24,3
DA:25,3
DA:26,3
DA:29,3
DA:30,3
DA:31,3
DA:32,3
DA:33,3
DA:34,3
DA:37,3
DA:38,3
DA:39,3
DA:40,3
DA:41,3
DA:42,3
DA:43,3
DA:44,3
DA:128,3
DA:129,3
DA:130,3
LF:38
LH:38
BRDA:4,0,0,3
BRDA:4,0,1,3
BRDA:12,1,0,3
BRDA:12,1,1,3
BRDA:29,2,0,3
BRDA:29,2,1,3
BRDA:37,3,0,3
BRDA:37,3,1,3
BRDA:128,4,0,3
BRDA:128,4,1,3
BRF:10
BRH:10
end_of_record
TN:
SF:src/util.ts
FN:6,(anonymous_6)
FN:14,setDiff
FN:15,(anonymous_8)
FN:23,hasDuplicates
FN:32,hasDistinctElems
FN:40,allElemsSame
FNF:6
FNH:6
FNDA:2098,(anonymous_6)
FNDA:2,setDiff
FNDA:6,(anonymous_8)
FNDA:1,hasDuplicates
FNDA:2,hasDistinctElems
FNDA:2,allElemsSame
DA:1,3
DA:6,2098
DA:14,3
DA:15,6
DA:23,3
DA:24,1
DA:32,3
DA:33,2
DA:40,3
DA:41,2
LF:10
LH:10
BRDA:41,0,0,2
BRDA:41,0,1,2
BRF:2
BRH:2
end_of_record
